2021-03-19 08:55:41 [myspider.spiders.itcast] WARNING: {'name': '黄老师', 'title': '高级讲师', 'coment': '15年+的软件开发与教学经验，参与中国联通VOP系统，中国联通在线计费系统，道路交通事故救助基金管理系统等的开发工作；\r\n拥有丰富的教学经验。'}
2021-03-19 08:55:41 [myspider.spiders.itcast] WARNING: {'name': '杨老师', 'title': '高级讲师', 'coment': '深入研究过C、C++、VB、VC等语言，后采用Java开发，数据库使用Oracle、SQLServer、MySql、熟练掌握JavaScrip、CSS、XML等技术，掌握C/S、B/S开发模式。曾开发过C/S系统，B/S模式使用JSP和Java、Struts、Hibernate等。'}
2021-03-19 08:55:41 [myspider.spiders.itcast] WARNING: {'name': '马老师', 'title': '高级讲师', 'coment': '丰富项目实战经验，精通Java、JSP、Servlet、Oracle、Mysql、sqlserver等编程语言和数据库技术。对Struts1/2、Spring等流行技术框架有深入理解。曾参与项目《银行薪酬管理系统》 《亿佰商城》等的分析设计和研发。'}
2021-03-19 08:55:41 [myspider.spiders.itcast] WARNING: {'name': '姜老师', 'title': '高级讲师', 'coment': 'JavaEE企业级应用专家，十余年项目管理经验，曾担任高级工程师，架构师等。主导多个大型项目的架构设计、管理等工作。在互联网项目领域具备丰富的经验，精通微服务架构，擅长解决高并发，亿级数据量等架构设计，拥有广泛的技术面与实践经验。'}
2021-03-19 08:55:41 [myspider.spiders.itcast] WARNING: {'name': '杜老师', 'title': '高级讲师', 'coment': '15年软件开发与教学经验，熟练掌握 mysql、redis,ssm框架、dubbo、zookeeper、springboot、springcloud等技术,主持与参与过市级财务系统，企业管理等系统开发。熟悉分布式技术，了解微服务架构，具备多个行业项目产品开发与管理经验，对培训有深刻的理解和把握。'}
2021-03-19 08:55:41 [myspider.spiders.itcast] WARNING: {'name': '石老师', 'title': '高级讲师', 'coment': '具有多年开发经验,曾先后在重庆科普、微创、爱奇艺等多家软件公司担任高级软件开发工程师、项目经理等职务，熟悉Java EE(JSP/Servlet、 JDBC、Struts2、Spring、Hibernate)应用开发。 '}
2021-03-19 08:55:41 [myspider.spiders.itcast] WARNING: {'name': '赵老师', 'title': '高级讲师', 'coment': '10年从事互联网、教育、环保、医疗行业经验,专注于研究互联网技术, 分布式爬虫, 相似矩阵, 语义识别及ETL.曾研发国家十二五规划重点项目12369平台.曾设计国内某互联网金融公司大型分布式爬虫架构.曾设计国内某通讯公司语音视频通讯平台架构。'}
2021-03-19 08:55:41 [myspider.spiders.itcast] WARNING: {'name': '郭老师', 'title': '高级讲师', 'coment': '6年软件开发与教学经验，曾在北京航天四创、中科软等单位担任研发经理职务，曾主持参与浙江省机要系统、国家电网系统、济宁市医疗平台、中国电信网络规划平台、人民日报社扶贫APP的设计开发工作。精通分布式、大数据、微服务、高并发、高可用等相关技术架构。'}
2021-03-19 08:55:41 [myspider.spiders.itcast] WARNING: {'name': '年老师', 'title': '高级讲师', 'coment': '多年软件开发与教学经验，曾负责游戏大数据平台可视化、国家公开信息采集系统、企业电商架构构建等。精通JavaEE，SSM/SSH、Spring全家桶技术。对NoSQL、消息队列、服务集成、微服务、持续集成及各种开源技术有着深厚的研究。'}
2021-03-19 08:55:41 [myspider.spiders.itcast] WARNING: {'name': '付老师', 'title': '高级讲师', 'coment': '多年开发和教学经验，曾在三星（中国）参与过大型跨国项目担任高级开发工程师，授课风趣幽默，精通JavaEE、数据库、Mybatis、Spring全家桶等企业级常用技术；分布式系统开发经验丰富，对SpringBoot、springcloud、dubbo、zookeeper、es、solr、redis、MQ等分布式技术深有研究。'}
2021-03-19 08:55:41 [myspider.spiders.itcast] WARNING: {'name': '张老师', 'title': '高级讲师', 'coment': '10年企业一线开发经验，在多家企业担任高级工程师，架构师，项目经理等职位，参与或主持航信-航意险，中彩网，网上商城等项目的开发。专注于JavaEE开发，深入研究Spring全家桶、Mybatis、dobuo等流行框架，对分布式，微服务架构体系有独到的见解。'}
2021-03-19 08:55:41 [myspider.spiders.itcast] WARNING: {'name': '钟老师', 'title': '高级讲师', 'coment': '从事多年Java软件开发及相关教育工作，曾在多家公司担任项目高级开发工程师以及项目组长等职位，参与过上亿用户的项目开发并主导多个大型项目的架构设计、管理等工作，尤其对android应用层以及底层系统有着深入的研究和应用，对于地图定位以及算法分析有着独到的研究。'}
2021-03-19 08:55:41 [myspider.spiders.itcast] WARNING: {'name': '陈老师', 'title': '高级讲师', 'coment': '多年软件开发以及培训授课经验，精通C语言、Java、 MySQL oracle 数据库等;\r\n参与开发移动OA办公项目，指导外勤云管家后台服务开发，黄金矿工游戏开发，kuro音乐盒项目等；受聘到多所高校任教；上课风格百变，课堂形象生动，直击核心要点。\r\n'}
2021-03-19 08:55:41 [myspider.spiders.itcast] WARNING: {'name': '廖老师', 'title': '高级讲师', 'coment': '13年软件开发管理与教学经验；资深软件与大数据开发认证工程师，项目经理。曾开发管理过信诚人寿、美的、民生银行、青岛啤酒、联想、SGS e-learning、国家工商总局市场信用分类监管系统等。熟悉分布式、微服务等J2EE及大数据生态圈技术知识体系。'}
2021-03-19 08:55:41 [myspider.spiders.itcast] WARNING: {'name': '余老师', 'title': '高级讲师', 'coment': '多年javaee开发和教学经验,精通javaee技术体系；对主流框架ssh,ssm,springboot,springcloud,dubbo等有深入研究。精通分布式技术以及微服务架构；曾主导多个企业级项目的研发,具备多个行业项目产品开发与管理经验。讲课生动透彻, 通俗易懂。'}
2021-03-19 08:55:41 [myspider.spiders.itcast] WARNING: {'name': '王老师', 'title': '高级讲师', 'coment': '北大计算机毕业，曾在中科软信息担任系统架构和设计工作，并有丰富的授课经验，精通常用算法数据结构、JavaEE相关技术，尤其是当前流行的框架技术(ibatis/Mybatis,struts1/2,spring,ajax/jquery/dwr)等。'}
2021-03-19 08:55:41 [myspider.spiders.itcast] WARNING: {'name': '刘老师', 'title': '高级讲师', 'coment': '多年项目实战经验，在多家企业担任项目工程师，项目涉及能源、金融、兵工、航天、通信等多个领域，参与设计和研发《中石油油气管道建设全生命周期管理项目》、报表产品《CI》等。熟悉JavaSE、JavaEE、缓存Redis、MySql、Oracle、SSH、ExtJS、工作流、数据报表等技术。'}
2021-03-19 08:55:41 [myspider.spiders.itcast] WARNING: {'name': '张老师', 'title': '高级讲师', 'coment': '8年软件开发与教学经验，先后在中软国际、尚德机构和国美集团担任高级软件工程师、技术经理等职务。\r\n全程参与中国移动集团VGOP项目、尚德机构天网系统、国美集团基金项目等系统的分析设计与研发。技术功底扎实且乐于技术分享，有丰富的企业内训经验。'}
2021-03-19 08:55:41 [myspider.spiders.itcast] WARNING: {'name': '孙老师', 'title': '高级讲师', 'coment': '从事java工作多年，有着丰富的开发和教学经验，精通SSM、dubbo，Spring Security,Spring boot等框架，能熟练操作Oracle，Mysql等关系型数据库以及Zookeeper、Lucene，JavaScript，Vue，ElementUI等技术。授课方式通俗易懂，引导式教学。'}
2021-03-19 08:55:41 [myspider.spiders.itcast] WARNING: {'name': '徐老师', 'title': '高级讲师', 'coment': '7年软件开发经验,精通Java,git,maven,dubbo,zookeeper,es,rabbitmq,springboot/cloud等,参与四川电信核心计费系统,OMC专网,智能光伏解决方案,保险等项目的开发与设计。讲课沉稳,条例清晰。'}
2021-03-19 08:55:41 [myspider.spiders.itcast] WARNING: {'name': '魏老师', 'title': '高级讲师', 'coment': '从事JavaEE技术多年，拥有丰富的一线开发和教学经验。PMP认证项目经理。深入掌握MySQL、SSM框架、Spring全家桶、dubbo、zookeeper、缓存、中间件等技术，并对微服务架构体系与其他服务端端主流框架的理论与实际应用均有深入的研究。通过技术讲解既精又准、幽默风趣的授课方式教授上千名学生。'}
2021-03-19 08:55:41 [myspider.spiders.itcast] WARNING: {'name': '杨老师', 'title': '高级讲师', 'coment': '15年软件开发与教学经验，具有丰富的技术团队管理经验；先后在品西互动、盈联电子、尚德机构担任研发总监、事业部总监、移动开发经理职务，先后主导社区管家、供销回收系统等项目；拥有丰富的Java教学与企业级培训经验，曾先后为中创、新华人寿、齐鲁银行等公司进行企业级Java培训。'}
2021-03-19 08:55:41 [myspider.spiders.itcast] WARNING: {'name': '于老师', 'title': '高级讲师', 'coment': '5年以上开发和教育经验,授课风格：风趣幽默,深入浅出，善于与学生互动，注重实战。\r\n先后在华宇信息以及立联立动等多家大型公司担任高级开发工程师。'}
2021-03-19 08:55:41 [myspider.spiders.itcast] WARNING: {'name': '谭老师', 'title': '高级讲师', 'coment': '5年研发与教学经验，精通Java开发技术，曾主导过中国银行积分商城和信用卡商城项目的研发。精通dubbo  、zookeeper  、redis  、elasticsearch  、ssm  、spring cloud等相关技术，拥有广泛的技术面与实践经验。'}
2021-03-19 08:55:41 [myspider.spiders.itcast] WARNING: {'name': '杨老师', 'title': '高级讲师', 'coment': '5年软件开发及教学经验，先后在多家IT公司担任Android、Java方向高级软件开发工程师，研发项目涉及,新闻,理财,社交,教育等方向。对Android、JavaSE、JavaWEB、MySQL、前端等技术深入研究.'}
2021-03-19 08:55:41 [myspider.spiders.itcast] WARNING: {'name': '于老师', 'title': '高级讲师', 'coment': '8年软件开发及教学经验，先后在360、亚信、众信旅游担任高级软件工程师，技术经理等职位。精通spring、springboot、springcloud、docker微服务开发等。'}
2021-03-19 08:55:41 [myspider.spiders.itcast] WARNING: {'name': '王老师', 'title': '高级讲师', 'coment': '拥有丰富的教学经验,擅长JavaEE项目的研究与教学,有丰富的行业知识, 用简洁的方式讲解JavaEE方向的课程。擅长JavaWeb,MySql等课程的讲解，曾经参与山西省财政厅财政实物管理系统,同煤集团隐患排查管理系统的开发等项目。'}
2021-03-19 08:55:41 [myspider.spiders.itcast] WARNING: {'name': '郝老师', 'title': '高级讲师', 'coment': '多年开发与教学经验。\r\n擅长全栈开发,掌握前端、后端、小程序开发。\r\n具有丰富的GIS和金融项目经验，曾参与重庆山洪预警平台、海南精细化预报系统等项目的研发\r\n授课思路清晰，幽默风趣，通俗易懂。\t\t\t\t\t\t\t'}
2021-03-19 08:55:41 [myspider.spiders.itcast] WARNING: {'name': '李老师', 'title': '高级讲师', 'coment': '从事多年Java软件开发及相关教育工作，精通Java开发技术（JSP/Servlet、JDBC、JAXP、Struts2、Hibernate3、Springboot\\springcloud），熟悉大数据技术（hadoop、kafka、spark、es）。曾参与多个大型银行短信服务开发。曾担任数据研发部门经理。'}
2021-03-19 08:55:41 [myspider.spiders.itcast] WARNING: {'name': '王老师', 'title': '高级讲师', 'coment': '多年的开发和教学经验, 深入掌握JavaSE，JavaEE和移动端开发，对Java虚拟机，算法，数据结构有深入的研究。参与过国家电网电子商务平台，图吧地图导航，百度地图实时路况等项目的开发工作。授课循序渐进，认真负责，幽默风趣。'}
2021-03-19 08:55:41 [myspider.spiders.itcast] WARNING: {'name': '叶老师', 'title': '高级讲师', 'coment': '9年开发、3年授课。精通Oracle、DB2、MySql等数据库使用，精通SSM、MQ、Security等框架使用，熟练redis、SOA、微服等高可用架构的搭建。曾就职于联想信息产品（深圳）有限公司研发实验室，从事Think产品研发系统的开发与维护。工作积极认真与强烈的责任感、思维视野开阔。'}
2021-03-19 08:55:41 [myspider.spiders.itcast] WARNING: {'name': '李老师', 'title': '高级讲师', 'coment': '7年软件开发与教学经验，先后在TCL、misfit、全志科技担任移动开发、Java开发高级工程师和项目负责人，先后参与过TCL手机Framework层研发、misfit智能手环Android端和后台的研发、全志科技自主平板电脑的framework层开发以及云相册管家的后台研发。教学幽默风趣、深入浅出，深受学生喜欢。'}
2021-03-19 08:55:41 [myspider.spiders.itcast] WARNING: {'name': '彭老师', 'title': '高级讲师', 'coment': '多年开发与教学经验，精通javaEE,OC,MySQL,等编程语言和数据库技术。先后担任过高级开发工程师，项目经理等职位，曾开发过物流系统、oa系统,电商系统等不同类型软件，有着比较丰富的开发经验，同时具有丰富的教学经验，授课认真负责。'}
2021-03-19 08:55:41 [myspider.spiders.itcast] WARNING: {'name': '沈老师', 'title': '高级讲师', 'coment': '5年开发经验，3年教学经验，精通Java企业平台技术，熟练掌握企业搜索引擎、分布式架构、SOA架构、微服务架构。曾参与广西税务系统、易迅网络发票、三维度商城、三维度支付系统，主导新品网B2B2C大型电商研发，主导神州培训网线上教育平台重构。'}
2021-03-19 08:55:41 [myspider.spiders.itcast] WARNING: {'name': '刘老师', 'title': '高级讲师', 'coment': '8年企业级JAVAEE的开发经验,精通java编程，深入研究spring、mybatis、springcloud\xa0等开源框架，曾参与华为产品线管理平台的研发工作，曾参与研发某互联网公司资源搜索服务平台，及基于springcloud平台的企业管理平台的架构搭建。'}
2021-03-19 08:55:41 [myspider.spiders.itcast] WARNING: {'name': '贺老师', 'title': '高级讲师', 'coment': '十几年项目经验，先后在多家上市公司担任架构师、研发经理主导多个大型项目架构设计与研发。在金融、电商领域具备丰富实战经验，擅长微服务分布式架构，高并发缓存与异步队列架构，亿级分库分表等架构, 具有实现高性能、高可用、高并发系统的能力。'}
2021-03-19 08:55:41 [myspider.spiders.itcast] WARNING: {'name': '凡老师', 'title': '高级讲师', 'coment': '8年JAVA开发管理经验，在ANA（全日空）、三菱银行、中信银行信用卡中心担任过高级软件开发工程师、项目主管等职务。精通MySql、DB2、Oracle等数据库以及ssm、springboot,springcloud等主流框架，对redis、MQ、ElasticSearch等技术有深入研究。对银行、证券等金融领域的业务研发有着深刻的认识和丰富经验。'}
2021-03-19 08:55:41 [myspider.spiders.itcast] WARNING: {'name': '欧阳老师', 'title': '高级讲师', 'coment': '多年一线互联网开发经验，参与项目涉及互联网金融、税务等行业，曾任某上市金融公司核心系统负责人；擅长java后端、需求分析、架构设计、微服务、分布式领域；精通主流互联网开发技术，如SSM、SpringBoot、SpringCloud、Dubbo等技术栈。'}
2021-03-19 08:55:41 [myspider.spiders.itcast] WARNING: {'name': '黄老师', 'title': '高级讲师', 'coment': '多年开发和教学经验，精通Java、JSP、Servlet、MySql等各种技术，\r\n熟练掌握常见流行技术框架运用，快速解决技术在项目中遇到的问题。\r\n对银行业务线各种业务有深入的研究。'}
2021-03-19 08:55:41 [myspider.spiders.itcast] WARNING: {'name': '金老师', 'title': '高级讲师', 'coment': '7年Java软件开发及相关教育工作，熟悉JavaEE技术体系，精通Java开发技术（HTML、JSP/Servlet、JDBC、MySQL、Redis、jQuery、SSH框架、SSM框架、dubbo、zookpeer、vue、adminLTE等）。热衷于主流Java开源框架技术，尤以擅长JavaWEB技术和框架开发，对jQuery有深入的研究。'}
2021-03-19 08:55:41 [myspider.spiders.itcast] WARNING: {'name': '芦老师', 'title': '高级讲师', 'coment': '具有4年开发经验和3年的教学经验,曾就职于中软,银监会等机构,具有多年开发物流系统、银行系统的经验并担任高级软件开发工程师职务, 掌握C/S、B/S开发模式，熟练掌握 javaSE、javaEE、Struts、spring、hibernate、MyBatis、SpringMVC、Oracle、MySQL、Redis、javascript、AJAX等技术。'}
2021-03-19 08:55:41 [myspider.spiders.itcast] WARNING: {'name': '吕老师', 'title': '高级讲师', 'coment': '5年项目开发实战经验4年授课经验，精通Java企业平台技术、企业搜索引擎、Hadoop大数据、微服务等分布式架构，曾供职于微创、中软等多家企业，参与开发完成包括未来云教室、东福网等大型项目，授课实战性强，并将企业团队开发模式带入课堂，重视思维拓展与实践动手能力的提升。'}
2021-03-19 08:55:41 [myspider.spiders.itcast] WARNING: {'name': '师老师', 'title': '高级讲师', 'coment': '2009年入行，多年的项目开发和教育培训经验，精通JavaEE的主流开发框架、Oracle和mysql等关系型数据库。曾在中科院遥感应用研究所、慧点科技、达利本斯等公司担任高级开发工程师、项目总监，带团队做过边防部队、人寿集团、平安集团等多个企业的大型项目，之后在互联网公司知果科技担任开发经理，完成知果果网的核心产品开发。'}
2021-03-19 08:55:41 [myspider.spiders.itcast] WARNING: {'name': '魏老师', 'title': '高级讲师', 'coment': '12年软件开发与项目管理经验，曾担任项目经理及高级软件开发工程师等职务，主持开发CNTV央视网的CBox项目，美空网美空通告APP项目，并于2016年合伙创办北京万象创客科技有限公司，曾参与多个互联网项目的开发，精通常用算法数据结构，熟悉分布式系统的设计和应用，熟悉分布式、缓存、消息等机制；并且有丰富的IT项目管理经验，熟悉Scrum敏捷开发流程，获得PMP认证&Scrum认证。\t'}
2021-03-19 08:55:41 [myspider.spiders.itcast] WARNING: {'name': '许老师', 'title': '高级讲师', 'coment': '毕业于河北地质大学计算机系，拥有美国项目管理学会PMP认证，曾在多家公司担任高级工程师,项目组长,项目经理等职位。主持并开发可靠商城，saas云订单归集系统，猎豹商城管理系统等。熟练掌握各种数据结构以及算法，熟练使用 javaSE、javaEE常用框架、MySQL、javascript、JQuery、AJAX等技术。'}
2021-03-19 08:55:41 [myspider.spiders.itcast] WARNING: {'name': '于老师', 'title': '高级讲师', 'coment': '多年教学和开发经验对JavaEE 技术体系结构、JavaWeb 原理有深刻理解。精通RPC、消息中间件、SSM、SpringCloud等技术，曾参与中国移动门户系统、中国移动集团客户对公平台、CRM系统、健康管理系统等。热衷于技术研究，善于用引导方式教学；授课思路清晰，注重学生基础知识掌握扎实，注重培养学生自主解决问题的能力。'}
2021-03-19 08:55:41 [myspider.spiders.itcast] WARNING: {'name': '周老师', 'title': '高级讲师', 'coment': '南开大学计算机学士,十多年开发经验,多年系统分析、性能优化经验，精通互联网分布式架构设计和J2EE开发,曾在方正国际,车音网等公司任职,历任高级研发工程师、高级架构师、技术部经理,技术专家委员会成员等职位.精通Spring \\SpringMVC\\mybatis\\dubbo\\springboot\\springCloud等主流开发框架及Redis\\MQ\\Solr第三方中间件.主持开发过张家港医疗信息平台,健康门户网,长城车联网哈弗智联等多个大型互联网应用平台。'}
2021-03-19 08:55:41 [myspider.spiders.itcast] WARNING: {'name': '许老师', 'title': '高级讲师', 'coment': '多年软件开发工作，历任高级软件工程师、项目经理、培训师等职务，熟练掌握 javaSE、javaEE、Struts、spring、hibernate、MyBatis、SpringMVC、Oracle、MySQL、javascript、AJAX等技术。授课思路清晰，通俗易懂。'}
2021-03-19 08:55:41 [myspider.spiders.itcast] WARNING: {'name': '白老师', 'title': '高级讲师', 'coment': '10年以上项目开发及丰富授课经验，精通Java、Linux、Oracle、Mysql、html5等，对SpringMVC、Spring、Mybatis等框架有深入研究。'}
2021-03-19 08:55:41 [myspider.spiders.itcast] WARNING: {'name': '詹老师', 'title': '高级讲师', 'coment': '精通c/c++、oc、java、c#等语言，精通多个主流移动操作系统开发，善于研究和熟悉各种算法。多年从事iOS/Android/WinPhone项目开发。参与并带领开发多个跨平台移动项目:梦幻游戏城、滴滴打车、大姨吗、好孕妈等。'}
2021-03-19 08:55:41 [myspider.spiders.itcast] WARNING: {'name': '郭老师', 'title': '高级讲师', 'coment': '5年的Java软件开发经验，5年Java专业教学经验，曾参与设计与开发多个大型互联网项目，主要有质监抽检，青历商城，E贷网P2P，天艺引资评估系统等等。长期致力于web应用的开发与设计。擅长JavaEE核心技术，SSM,Dubbo,SpringBoot,SpringCloud等。'}
2021-03-19 08:55:41 [myspider.spiders.itcast] WARNING: {'name': '符老师', 'title': '高级讲师', 'coment': '多年从业经验，项目涉及电商、门户、医疗、游戏等领域，精通HTML/CSS/JS等前端技术，具有丰富的jQuery、Vue、小程序的使用经验，熟悉.Net、Node，热爱教育行业，上课思路清晰，细腻，深受学生喜爱。'}
2021-03-19 08:55:41 [myspider.spiders.itcast] WARNING: {'name': '黄老师', 'title': '高级讲师', 'coment': '从事JavaEE技术多年，拥有丰富的一线开发和教学经验，\r\n曾就职于昭信集团、锋云汇智科技等大中型互联网公司担任高级软件开发工程师，参与过CNPC安全管理项目（中石油大型企业项目）、青云汇（高考志愿大数据预测平台）及其它中小型项目。\t\t\t\t\t\t'}
2021-03-19 08:55:41 [myspider.spiders.itcast] WARNING: {'name': '黄老师', 'title': '高级讲师', 'coment': '9年开发与教学经验，曾先后于中软、北京海科融通、本来工坊等大中型公司担任高级开发工程师，参与和主持过POS机收单系统开发，电商网站后台系统、WMS（仓库管理系统）系统等开发。\t\t\t\t\t\t'}
2021-03-19 08:55:41 [myspider.spiders.itcast] WARNING: {'name': '刘老师', 'title': '高级讲师', 'coment': '具有多年项目开发和授课经验，毕业于西南大学计算机专业，曾就职于云思创想，263企业通信，聚众网通等互联网公司。先后担任过客户端技术负责人，高级软件工程师等职务，有丰富的项目管理和实战开发经验。'}
2021-03-19 08:55:41 [myspider.spiders.itcast] WARNING: {'name': '罗老师', 'title': '高级讲师', 'coment': '11年JAVA开发经验，9年技术团队管理经验，7年项目架构经验（中、高级系统架构师职称），在电子政务、企业办公、电子商务、社交网络、移动应用、互金等行业软件方面拥有丰富的项目实战经验。先后在飞利信、高伟达、成都融特、日立、人人贷担任部门经理、TeamLeader、技术经理、Senior Consultant、高级技术经理，负责全国政协门户、Wradio+、Chinaface、居然在线、个贷官网、人人U学、Crawlers、Babel大数据平台等项目研发。'}
2021-03-19 08:55:41 [myspider.spiders.itcast] WARNING: {'name': '熊老师', 'title': '高级讲师', 'coment': '多年软件开发和项目管理经验，曾任职于索尼中国、苏宁北研中心、58等公司。参与过SonyROM定制开发与管理工作，苏宁即时通讯系统《豆芽》，旗下电商子品牌《红孩子》的开发，加入58学车后主导《驾校一点通》后台系统开发。'}
2021-03-19 08:55:41 [myspider.spiders.itcast] WARNING: {'name': '高老师', 'title': '高级讲师', 'coment': '精通使用Java数据结构、Java反射机制、多线程编程, 熟悉项目开发管理流程，并有具体实战经验。曾在华夏银行、借贷宝、米米贷担任Java开发，曾在地接汇境外旅游公司担任技术总监一职，负责公司整个产品研发团队的管理、产品研发及技术架构。'}
2021-03-19 08:55:41 [myspider.spiders.itcast] WARNING: {'name': '胡老师', 'title': '高级讲师', 'coment': '精通JAVAEE技术体系，对流行框架SSM,SSH,Springboot，SpringCloud及各类中间件有深入研究。曾参与开发肯尼亚国家人力资源管理系统，南方电网广东供电局现场作业系统。注重学生独立思考，独立解决问题的能力。'}
2021-03-19 08:55:41 [myspider.spiders.itcast] WARNING: {'name': '李老师', 'title': '高级讲师', 'coment': '精通Java基础原理，对集合，多线程，网络编程，IO等有深入研究。精通各项JavaWeb技术，熟练掌握主流框架的使用。曾参与红杉资本领投3亿美元的跨境电商PatPat等多个项目的研发。'}
2021-03-19 08:55:41 [myspider.spiders.itcast] WARNING: {'name': '刘老师', 'title': '高级讲师', 'coment': '多年互联网开发经验，深入理解java虚拟机原理，以及参数优化，对ssm，springboot、springcloud微服务等主流框架有深入的理解和使用，对实时流处理框架storm，并kafka有多年使用经验。'}
2021-03-19 08:55:41 [myspider.spiders.itcast] WARNING: {'name': '唐老师', 'title': '高级讲师', 'coment': '7年工作经验 , 精通JavaEE技术体系，对流行框架Jquery,struts2,Hibernate,Spring,SpringMVC,mybatis,Lucence,shiro等有深入研究 , 任教于湖南城市学院。擅长总结和梳理知识点，能深入浅出的对每个技术点进行讲解。'}
2021-03-19 08:55:41 [myspider.spiders.itcast] WARNING: {'name': '袁老师', 'title': '高级讲师', 'coment': '精通C#，java语言开发，精通mysql，oracle，sql server数据库，ssm框架，js，jquery前段框架。先后在广东源恒科技有限公司、武汉付运通科技有限公司任职, 教学严谨，授课思路清晰，善于语言表达和总结行业经验，因材施教。'}
2021-03-19 08:55:41 [myspider.spiders.itcast] WARNING: {'name': '岳老师', 'title': '高级讲师', 'coment': '从事多年软件开发，曾在多迪网络，途牛网就职，对前端主流技术(HTML5,CSS3,javascript等)，流行框架(Vue,React等)有丰富的运用经验和独到理解，曾在公司中担任项目经理并带领团队完成企业网站的设计，搭建，上线，运营。擅长结合生活中的案例来生动讲解编程技术。'}
2021-03-19 08:55:41 [myspider.spiders.itcast] WARNING: {'name': '王老师', 'title': '高级讲师', 'coment': '8年以上软件开发管理和教学经验，精通Java，Android等开发语言以及Oracle，Mysql等数据库的应用，对MyBatis，Spring流行框架有深入的理解，曾参与骏途旅游，电梯管家，某社区网站，唐山国家电网内部视频会议系统等项目的主持和开发工作，课堂风格有趣、幽默，能够很好的带动学员的学习气氛，对知识点的讲解深刻，易于理解。'}
2021-03-19 08:55:41 [myspider.spiders.itcast] WARNING: {'name': '叶老师', 'title': '高级讲师', 'coment': '从事JavaEE技术开发多年，深入掌握MySQL、Oracle、SSM框架、Spring全家桶、缓存、分布式、中间件等相关技术，并对微服务架构体系与其他服务器端主流框架的理论与实际应用均有深入的研究与教授经验。拥有丰富的一线开发和教学经验。\r\n\r\n'}
2021-03-19 08:55:41 [myspider.spiders.itcast] WARNING: {'name': '邓老师', 'title': '高级讲师', 'coment': '从事javaEE开发及教学工作多年,曾在多家公司担任高级软件开发工程师，技术功底深厚，授课幽默风趣，通俗易懂。精通MySQL、Redis及Spring、MyBatis、SpringMVC、SpringBoot、SpringCloud、SpringData系列框架，并对Solr、ElasticSearch、Dubbo、MQ中间件技术有深入研究。'}
2021-03-19 08:55:41 [myspider.spiders.itcast] WARNING: {'name': '杨老师', 'title': '高级讲师', 'coment': '北京航空航天大学 计算机毕业。\r\n10年技术开发与管理经验。曾在北大方正、知名游戏公司、互联网公司等担任资深研发工程师、技术经理。\r\n参与移动聊天工具企业版、新媒体营销平台、档案信息管理系统等大型项目研发工作。\r\n擅长总结和梳理知识点，深入的对每个技术点进行讲解，引导式教学，注重培养学员能力。'}
2021-03-19 08:55:41 [myspider.spiders.itcast] WARNING: {'name': '杨老师', 'title': '高级讲师', 'coment': '从事Java开发和教育10余年,参与项目涉及保险、互联网金融、酒店等行业,参与人保报案平台、人保集审平台等项目设计与开发,精通JavaSE、JavaWEB、jQuery、AJAX等技术,熟练应用SSM、SSH、MySql、solr等框架与技术。'}
2021-03-19 08:55:41 [myspider.spiders.itcast] WARNING: {'name': '付老师', 'title': '高级讲师', 'coment': '精通JavaEE、SSM、JavaScript、MySQL、Oracle、jQuery UI、ExtJS、Ajax等技术，曾先后在浪潮集团、中软任项目经理、系统架构师等职位，拥有10余年的Java开发经验，以及丰富的项目实战经验。'}
2021-03-19 08:55:41 [myspider.spiders.itcast] WARNING: {'name': '高老师', 'title': '高级讲师', 'coment': '多年开发和教学经验，曾在中星测控、中软国际担任高级开发工程师，有移动端、pc端、服务端软件等多类型软件的开发经验，授课不拘一格、深入浅出、风默有趣。精通java开发，对jvm、数据库、web规范、数据结构与算法以及主流应用框架均有深入研究。'}
2021-03-19 08:55:41 [myspider.spiders.itcast] WARNING: {'name': '李老师', 'title': '高级讲师', 'coment': '多年开发与教学经验，对spring生态系统，消息中间件，数据库等技术有深入理解和研究。先后在陕西出版集团，中软、电讯盈科等担任过高级软件开发工程师职务，参与开发过书海小说网，延安英雄传后端等项目开发。'}
2021-03-19 08:55:41 [myspider.spiders.itcast] WARNING: {'name': '李老师', 'title': '高级讲师', 'coment': '具有8年软件开发与教学经验，具有丰富的开发经验，先后在四方精创、华侨城文旅科技、达普信科技等公司担任技术研发与项目运维等工作，先后经历过中国银行(香港)私人银行业务开发、华侨城文旅科技公司内部网站建设以及海关平台相关业务的需求研发。熟悉使用SSH、SSM、缓存Redis、MySql、Oracle、数据报表等。'}
2021-03-19 08:55:41 [myspider.spiders.itcast] WARNING: {'name': '吕老师', 'title': '高级讲师', 'coment': '10年软件开发经验，先后在北京泰和佳通，北京企易共创、美国Newegg.com担任软件高级开发工程师和项目经理角色。主导和参与的主要项目有《北京联通巡检系统》、《联通一级管理平台》、《EeggPoing积分管理系统》、《SaleManage电商管理系统》、基于Hadoop\\HBase\\Hive的《DataFeed广告推送平台》。擅长的技术方向有JavaEE、Docker、Hadoop、HBase、Hive等；项目管理方面，熟悉基于Scrum的软件开发管理流程。'}
2021-03-19 08:55:41 [myspider.spiders.itcast] WARNING: {'name': '满老师', 'title': '高级讲师', 'coment': '15年软件开发与教学经验。先后在中科富星、Radvision、河北恒信等企业担任高级程序员、架构师等职务。主导和参与的项目有吉林长春市公民信息查询与核查系统、iContact、iCM等视频会议产品的研发维护、恒信卡包项目、恒信pbox内容分发系统等。擅长的技术方向有JavaSE、JavaEE、多种开源框架、并发编程、分布式编程、大数据处理等。对各种技术的原理有较深研究，喜欢用代码说明问题。'}
2021-03-19 08:55:41 [myspider.spiders.itcast] WARNING: {'name': '袁老师', 'title': '高级讲师', 'coment': '从事javaEE开发及教学工作多年，先后在多家公司担任高级开发工程师，项目经理等职务。精通Redis及Spring、MyBatis、SpringMVC、SpringBoot、SpringCloud系列框架；拥有大数据项目开发经验，对Hadoop生态圈如Hive，Zookeeper，Hbase等技术有深入研究。'}
2021-03-19 08:55:41 [myspider.spiders.itcast] WARNING: {'name': '张老师', 'title': '高级讲师', 'coment': '企业级项目高级工程师，曾先后在汇丰线，中软，华为业务线等担任高级工程师，在通信类和银行类项目中多次担任设计架构和性能优化等核心技术工作。对当前主流的框架Spring，SpringMVC，mybatis等及分布式架构(springboot,springCloud, dubbo)等有深入的研究理解。'}
2021-03-19 08:55:41 [myspider.spiders.itcast] WARNING: {'name': '李老师', 'title': '高级讲师', 'coment': '毕业于东北师范大学，五年以上开发经验，多年软件开发教育培训经验，精通JavaSE、Mysql等编程开发语言和开发技术，熟练掌握各种数据结构和算法，精通Spring、SpringMVC、Mybatis等常用框架，熟练掌握微服务框架，授课风格幽默风趣，可以将知识化繁为简、深入浅出的教授给学员。 '}
2021-03-19 08:55:41 [myspider.spiders.itcast] WARNING: {'name': '王老师', 'title': '高级讲师', 'coment': '毕业于天津师范大学计算机系，多年软件开发教育培训经验，精通JavaSE、JavaWeb、Mysql等编程开发语言和开发技术，熟练掌握各种数据结构和算法，熟练使用常用框架，授课风格严谨不失幽默，可以将知识化繁为简、深入浅出的教授给学员。'}
2021-03-19 08:55:41 [myspider.spiders.itcast] WARNING: {'name': '王老师', 'title': '高级讲师', 'coment': '5年软件研发与项目管理经验，精通Java开发语言以及MySQL、Oracle数据库，对Java流行框架有深入研究，曾在企业中参与主导旅游、活动竞赛等领域项目开发。\r\n在传智播客有三年教学经验，授课认真负责，注重学员独立分析能力。'}
2021-03-19 08:55:41 [myspider.spiders.itcast] WARNING: {'name': '王老师', 'title': '高级讲师', 'coment': '5年网络安全和软件开发工作,有丰富的行业知识, 用简洁的方式讲解JavaEE方向的课程。擅长Android,JavaWeb,MySql,前端等课程的讲解,拥有红帽和安全相关行业认证证书\r\n'}
2021-03-19 08:55:41 [myspider.spiders.itcast] WARNING: {'name': '颜老师', 'title': '高级讲师', 'coment': '10年软件开发及教学经验，先后在国内IT名企担任高级软件开发工程师、项目经理、系统架构师、技术总监等职务。精通Java、MySQL、Oracle等编程语言和数据库系统'}
2021-03-19 08:55:41 [myspider.spiders.itcast] WARNING: {'name': '张老师', 'title': '高级讲师', 'coment': '985,211重点大学毕业，拥有10年的开发经验和架构设计经验，曾在几个大型公司担任系统架构师，精通系统架构，曾主持各种大型网站架构设计与开发，主持设计研发ODPS框架，SWORD框架，授课特点：幽默风趣,通俗易懂,条理清晰,层次分明。'}
2021-03-19 08:55:41 [myspider.spiders.itcast] WARNING: {'name': '张老师', 'title': '高级讲师', 'coment': '6年Java软件开发及相关教育工作，熟悉JavaEE、Android开发，对主流框架有深入了解。曾参与过联通集成公司的4G系统和结算系统开发；主导过移动健康相关项目应用开发。传智授课3年，讲课风格诙谐幽默，倡导寓教于乐的授课方式。'}
2021-03-19 08:55:41 [myspider.spiders.itcast] WARNING: {'name': '朱老师', 'title': '高级讲师', 'coment': '6年大型电商项目实战经验，擅长高并发，高可用，大数据量处理平台的搭建。精通java,js,mysql,oracle等编程语言和数据库系统，对web框架springmvc,spring,hibernate/mybatis,springboot,springCloud有丰富使用经验。'}
2021-03-19 08:55:41 [myspider.spiders.itcast] WARNING: {'name': '陈老师', 'title': '高级讲师', 'coment': '毕业于成都信息工程大学计算机系，曾担任高级工程师,项目组长,项目经理等职位。主持并开发差旅壹号，手机银行，运营平台系统等。熟练掌握各种数据结构和算法，以及Java技术栈的多项技术。'}
2021-03-19 08:55:41 [myspider.spiders.itcast] WARNING: {'name': '刘老师', 'title': '高级讲师', 'coment': '多年J2EE项目研发及管理经验，曾就职于多家大型互联网企业，有着多年的一线开发经验，涉及过互联网电商项目，移动管理系统等，企业ERP系统，手机App项目等。精通JavaSE，JavaWeb，对Spring、MyBatis、SpringMVC、Spring Boot、Android、MySQL、Redis、Solr、Dubbo、FastDFS等有深入研究。'}
2021-03-19 08:55:41 [myspider.spiders.itcast] WARNING: {'name': '肖老师', 'title': '高级讲师', 'coment': '多年开发经验，4年教学经验，曾在大型互联网公司任职，讲解通俗易懂，生动幽默，擅长web开发，精通struts, hibernate,spring,springmvc,mybatis,springboot springcloud等等框架，深受学员喜爱。'}
2021-03-19 08:55:41 [myspider.spiders.itcast] WARNING: {'name': '周老师', 'title': '高级讲师', 'coment': '多年开发和教学经验，涉及到手机应用和web后台开发，精通javase、 javaee 、android。曾多次参与开发国家版权局对应版权业务'}
2021-03-19 08:55:41 [myspider.spiders.itcast] WARNING: {'name': '陈老师', 'title': '高级讲师', 'coment': '9年Java开发经验，曾任职于武汉联邦创新软件公司、北京合力拓展信息技术有限公司、襄阳大气软件科技有限公司；曾主导完成GCMS系统项目中的算费缴费子系统的设计开发、百世开利BOSS平台、新农合医疗报销结算系统、襄阳铁路公安鹰眼系统等项目。'}
2021-03-19 08:55:41 [myspider.spiders.itcast] WARNING: {'name': '张老师', 'title': '高级讲师', 'coment': '资深项目工程师。多年项目开发经验及丰富授课经验，对JavaEE主流技术驾轻就熟(JDBC,Struts1/2, Spring,HibernateJBPM,WebService, MyBatis等技术) ,对框架底层具有独到见解。精通Java企业平台技术，企业搜索引擎、以及分布式架构等。曾参与人力资源系统、电子教育商城、医疗APP等项目。'}
2021-03-19 08:55:41 [myspider.spiders.itcast] WARNING: {'name': '高老师', 'title': '高级讲师', 'coment': '5年软件开发经验，四年教学经验，对企业信息化系统和互联网平台开发都有深入的研究，曾先后主导参与多个政府信息化系统开发，对中石油某公司的系统进行集成设计，参与架构了北京某软装公司的网上商城和布艺定制平台等；对高并发场景下，使用Dubbo和Spring Cloud进行微服务的治理，有独到的心得。 '}
2021-03-19 08:55:41 [myspider.spiders.itcast] WARNING: {'name': '陈老师', 'title': '高级讲师', 'coment': '6年一线研发经验，2年java教学经验，先后负责国家电网、质检总局、广西海关等单位的多个大型系统研发，后期主做在线教育互联网项目。精通MVC框架、擅长分布式框架、微服务框架，授课有热情、思路清晰、深入浅出。主讲项目阶段及就业冲刺阶段课程。'}
2021-03-19 08:55:41 [myspider.spiders.itcast] WARNING: {'name': '陈老师', 'title': '高级讲师', 'coment': '具有5年开发经验和3年的教学经验,曾就职于世界500强的软件开发企业,具有多年开发金融系统、保险系统的经验并担任高级软件开发工程师职务, 掌握C/S、B/S开发模式,熟练掌握 javaSE、javaEE、java主流的开发框架（SSH,SSM）、Oracle、MySQL、Redis、springboot等。\r\n'}
2021-03-19 08:55:41 [myspider.spiders.itcast] WARNING: {'name': '黄老师', 'title': '高级讲师', 'coment': '拥有5年的企业开发和教学经验，对于目前主流的ssm,springboot,springcloud，sql优化等常用框架和技术都有深入的理解。熟练掌握redis缓存技术和缓存方案。对于常用的消息中间件rubbitMQ和ActiveMQ等以及定时任务等都有相关的实际开发经验。对于前端框架vue.jsp以及其他前端基础都有所涉及。'}
2021-03-19 08:55:41 [myspider.spiders.itcast] WARNING: {'name': '施老师', 'title': '高级讲师', 'coment': '6年软件开发与教学经验,擅长javaweb和android平台的开发工作。先后在华瀛安盛,安容致远等公司任职,曾参与360公司奇酷手机的电话加密项目,并在密讯、caping、酒仙云进销存等项目中担任主程。教学认真细致，善于深入浅出剖析知识点，课堂风格幽默风趣，能积极带动学生的学习氛围，乐于分享，富有责任心。'}
2021-03-19 08:55:41 [myspider.spiders.itcast] WARNING: {'name': '拓老师', 'title': '高级讲师', 'coment': '拥有8年的工作经验，资深项目专家，多年IT领域研发经验及教学经验，曾主导或参与的重要项目有：《中国电信话务与数据投诉事务处理系统》，《国家电网智能电表收费系统》，等超大型项目，精通多领域技术，如：Spring及Sring cloud全家桶，JavaSE，JavaEE，数据库等。'}
2021-03-19 08:55:41 [myspider.spiders.itcast] WARNING: {'name': '张老师', 'title': '高级讲师', 'coment': '从事Java后台开发及相关教育工作近十年，熟悉Java SE，Java EE，Spring，Mybatis，Mysql等常用框架，熟悉ELK技术栈，Spring Cloud生态圈技术。熟练使用Vue.Js、Node.Js、Web pack等前端技术。曾在多家大型公司担任软件工程师，项目经理职务，涉及在线教育、证券交易、电商等不同领域。目前授课范围：Spring MVC、My Batis、Lucene、Solr、Solr Cloud、乐优商城。'}
2021-03-19 08:55:41 [myspider.spiders.itcast] WARNING: {'name': '陈老师', 'title': '高级讲师', 'coment': '多年大型项目实战经验，\r\n擅长高并发，高可用，大数据量处理平台的搭建。\r\n同时拥有丰富的教学经验,擅长JavaEE项目，Python WEB项目的研究与教学,\r\n有丰富的行业知识, 用简洁的方式讲解JavaEE方向,Python方向的课程。\r\n精通JavaSE,JaveEE,javascript,Python编程技术，\r\n精通Oracle、MySQL等数据库的开发,\r\n精通Spring,SpringMVC,Mybatis等JavaEE常用框架,\r\n精通Django,Flask,Tornado等Python常用框架，\r\n熟悉Ruby、PHP、C#等语言。'}
2021-03-19 08:55:41 [myspider.spiders.itcast] WARNING: {'name': '徐老师', 'title': '高级讲师', 'coment': 'JAVA高级工程师。有着多年的软件开发经验，精通Java EE企业级应用技术，\r\n精通MySql、Oracle、DB2等主流关系型数据库，有着丰富的数据库开发经验。\r\n曾经参与过移动公司的实时人流监控、用户缴费日志实时分析等大数据项目，熟悉大数据相关开发。'}
2021-03-19 08:55:41 [myspider.spiders.itcast] WARNING: {'name': '邹老师', 'title': '高级讲师', 'coment': '丰富的java项目经验，曾任至于外企和国内互联网金融公司，如: IBM，OPENJAW等。\r\n具有三年以上的项目管理经验, 对javaSE, javaEE主流框架（SSM, SSH), 数据库（Mysql，PGSQL）, Git, Maven, \r\n等工具和技术有深入的了解。 熟练掌握分布式，微服务，性能调优等技术。有丰富的项目设计，开发，管理，实施等经验。热衷于Java和Devops运维两个领域的技术实现和钻研。 '}
2021-03-19 08:55:41 [myspider.spiders.itcast] WARNING: {'name': '陈老师', 'title': '高级讲师', 'coment': '7年软件研发、项目管理与教学经验，精通Java开发技术，曾先后担任过技术经理、技术主管、项目经理等职位。主导研发超过5个以上大型项目与平台。精通微服务架构，擅长解决高并发，亿级数据量等架构设计，拥有广泛的技术面与实践经验。'}
2021-03-19 08:55:41 [myspider.spiders.itcast] WARNING: {'name': '程老师', 'title': '高级讲师', 'coment': '具有超过6年的互联网企业一线开发经验，经历过大并发洗礼的高级工程师，擅长将企业开发相关知识与实战相结合，喜欢从架构的角度带着学员们理解程序实现，让同学们知其然并知其所以然。'}
2021-03-19 08:55:41 [myspider.spiders.itcast] WARNING: {'name': '陈老师', 'title': '高级讲师', 'coment': '多年教学与开发经验，对电商类社交类项目有深入研究，曾在圆通，顺丰等公司开发过多个软件系统。擅长各种前后端包括移动端主流技术，热爱研究源码。授课风格幽默风趣，注重与学生的互动，擅长把复杂的技术问题讲解的通俗易懂，深受学员喜爱。'}
2021-03-19 08:55:41 [myspider.spiders.itcast] WARNING: {'name': '程老师', 'title': '高级讲师', 'coment': '拥有将近8年的从业经验，其中3年开发经验，有丰富的JavaEE、Android开发经验，曾任乐视网高级开发工程师，主导乐视电视播放器、播放记录等多个应用的开发；4年多的教学经验，总能将知识以简练的语言，通俗易懂的传授给学员，得到学员的一致好评。'}
2021-03-19 08:55:41 [myspider.spiders.itcast] WARNING: {'name': '李老师', 'title': '高级讲师', 'coment': '多年开发和教学经验，对JavaEE，iOS，Android多平台的开发有丰富经验，熟练掌握SSM、Dubbo，Spring Security，SpringBoot等框架，能熟练操作Oracle，MySQL等关系型数据库,\xa0\xa0\xa0授课幽默风趣，通俗易懂，关注学员消化吸收，注重培养学员独立分析能力及动手能力。'}
2021-03-19 08:55:41 [myspider.spiders.itcast] WARNING: {'name': '孙老师', 'title': '高级讲师', 'coment': '多年软件研发、软件教学、项目管理经验，曾担任项目经理及高工等职务。目前致力于Java教学，追求技术，热爱教育。参与项目涉及电商、物流、企业内部系统等项目。深入掌握市场主流框架，通过分析源码，讲解框架设计原理。授课细致，深入浅出。'}
2021-03-19 08:55:41 [myspider.spiders.itcast] WARNING: {'name': '秦老师', 'title': '高级讲师', 'coment': '拥有7年大型互联网开发以及架构经验，热衷于高并发和分布式中间件底层架构、，技术栈：Spring、Spring Boot、Spring Cloud Netflix、Mybatis、Netty、Dubbo、ZK、Kafka、RocketMQ、Reids、XXL生态、Alibaba Nacos、Alibaba Sentine、Mycat、Mysql等，工程化技术：Maven、Jenkins、Git、Docker、了解K8S。'}
2021-03-19 08:55:41 [myspider.spiders.itcast] WARNING: {'name': '束老师', 'title': '高级讲师', 'coment': '10年工作经验，资深架构师，多年IT领域研发经验、深入的理解ssm、redis、racketMQ、memcached、quartz、dubbo、springboot、springcloud等框架，主要负责参与的项目《全国数字物价监测中心》、《上海浦发银行信用卡客户服务中心》、《某金融平台统一支付中心》等项目。'}
2021-03-19 08:55:41 [myspider.spiders.itcast] WARNING: {'name': '江老师', 'title': '高级讲师', 'coment': '五年开发经验，曾就职于北京中科软科技有限公司，担任过项目组长、项目经理等职位；参与过甲流信息采集系统，卫生部的信息化建设收集系统，卫生部的中心合同管理系统，在线教育管理平台等项目。授课逻辑严谨，条理清晰，语言风趣，注重学生独立解决问题的能力。'}
2021-03-19 08:55:41 [myspider.spiders.itcast] WARNING: {'name': '唐老师', 'title': '高级讲师', 'coment': '丰富的开发经验，10年的IT教学经验，对SpringData、SpringCloud、Docker等技术有深入的研究，熟练掌握 mysql、redis,ssm框架、dubbo、zookeeper等技术，热衷主流Java开源框架，曾参与中国电信计费系统、银行自动服务后台操作系统等。'}
2021-03-19 08:55:41 [myspider.spiders.itcast] WARNING: {'name': '张老师', 'title': '高级讲师', 'coment': '16年的软件项目和教学经验。擅长Java技术栈相关技术，从经典的到流行的技术都有钻研和见解，深刻理解编程思想和设计模式，其他技术栈如前端、大数据等也有涉猎。先后在郑州信源、华为软件等公司任职，曾担任过高级软件工程师、软件系统架构师、项目经理等职位，曾主导或参与电信行业CRM、增值业务、BI以及电子政务、企业ERP等项目。资深讲师，经验丰富，讲课内容充实，案例分析细致，笔记编写详细，善于与学员互动，擅长引导学员思考编程，提升学员的思维理解和代码动手能力，注重学生独立解决问题的能力，让学员更快的成长！'}
2021-03-19 08:55:41 [myspider.spiders.itcast] WARNING: {'name': '许老师', 'title': '高级讲师', 'coment': '具有多年的教学和项目开发经验。精通Java SE技术，精通Java EE、SSM/SSH等流行框架。精通多种数据库MySql、Oracle、MongoDB和redis等。对于开源的项目有深入的研究，精通jvm虚拟机内部机制。对于数据库优化、网络通信，微服务、及各种开源技术有着深厚的研究。多次获得公司优秀员工和年度优秀讲师的称号。上课的风格很受学员欢迎和认可。'}
2021-03-19 08:55:41 [myspider.spiders.itcast] WARNING: {'name': '谷老师', 'title': '高级讲师', 'coment': '五年开发经验，曾任职于北京益泰金网有限责任公司、北京华鑫杰瑞计算机系统工程有限公司、北京金禾天成科技有限公司；曾担任项目经理等职务；期间为江苏工行，中国联通社区，银监会等公司提供项目服务；\r\n曾获的上海市科学技术奖三等奖、农业部科学技术奖进步奖。'}
2021-03-19 08:55:41 [myspider.spiders.itcast] WARNING: {'name': '李老师', 'title': '高级讲师', 'coment': '13年软件开发和JavaEE授课经验，具有较强的项目实战能力及项目架构设计能力，精通Spring、SpringMVC、MyBatis、Spring-Data-JPA、Lucene、Solr、ElasticSearch、\r\nDubbo、SpringBoot、SpringCloud、Redis、Zookeeper、RocketMQ、ActiveMQ、Shiro、pac4j、spring-security、Nodejs、JavaScript、Ajax、json、easyui、jQuery、vuejs、angularjs、docker、maven、git、svn等技术。授课通俗易懂、幽默风趣。'}
2021-03-19 08:55:41 [myspider.spiders.itcast] WARNING: {'name': '刘老师', 'title': '高级讲师', 'coment': '从事JavaEE的开发与教学18年；曾在软件开发企业担任技术总监；2012年~2015年被东软等多家院校外聘为JavaEE考评专家；2015年6月出版发行《JavaEE SSH框架开发项目教程》；2019年1月出版发行《JavaEE Spring MVC 与MyBatis企业开发实战》。'}
2021-03-19 08:55:41 [myspider.spiders.itcast] WARNING: {'name': '宋老师', 'title': '高级讲师', 'coment': '10年软件开发经验，曾在用友网络担任项目经理、项目总监等职务，先后主导过佛山美的集团互联网系统应用、白云国际机场商旅电商系统和深圳民太安公估保险移动互联网应用等。 精通Java EE、并发编程、SSM、SpringBoot。对CDN、NoSQL、消息队列、微服务、JVM性能调优、爬虫级各种开源框架等技术。\r\n'}
2021-03-19 08:55:41 [myspider.spiders.itcast] WARNING: {'name': '徐老师', 'title': '高级讲师', 'coment': '8年Java从业经验，曾负责安防视频监控系统、华为VMS语言邮箱系统、电信网络质量监控系统、溯源APP应用等开发。精通Java EE，SSM/SSH、Spring全家桶。对NoSQL、消息队列、服务集成、流程引擎、微服务、持续集成及各种开源技术有着深厚的研究。'}
2021-03-19 08:55:41 [myspider.spiders.itcast] WARNING: {'name': '徐老师', 'title': '高级讲师', 'coment': '十年项目经验，曾在大型公司担任系统架构师，参与架构设计并获奖的系统有广东移动手机病毒多维度侦测系统等。曾参与研发《中国电信运营商管理系统》，《韶关社保通》、《智能网系统四期》、《增值业务多维度保障系统》等项目。精通JavaEE技术栈，对dubbo、SpringBoot、Spring Cloud、Mycat等技术原理有较为深入的研究。对分布式、Java中间件、微服务架构设计有丰富实战经验。\r\n'}
2021-03-19 08:55:41 [myspider.spiders.itcast] WARNING: {'name': '杨老师', 'title': '高级讲师', 'coment': '从事java工作多年，有着丰富的开发和教学经验，Java，JSP，Servlet开发，精通SSM、dubbo，Spring Security，Struts2，Hibernate等框架，能熟练操作Oracle，Mysql等关系型数据库。授课幽默风趣，通俗易懂。'}
2021-03-19 08:55:41 [myspider.spiders.itcast] WARNING: {'name': '袁老师', 'title': '高级讲师', 'coment': '十年项目经验，曾在大型公司担任系统架构师，参与架构设计并获奖的系统有广东移动手机病毒多维度侦测系统等。曾参与研发《中国电信运营商管理系统》，《韶关社保通》、《智能网系统四期》、《增值业务多维度保障系统》等项目。精通JavaEE技术栈，对dubbo、SpringBoot、Spring Cloud、Mycat等技术原理有较为深入的研究。对分布式、Java中间件、微服务架构设计有丰富实战经验。'}
2021-03-19 08:55:41 [myspider.spiders.itcast] WARNING: {'name': '郑老师', 'title': '高级讲师', 'coment': '从事java开发工作多年，精通java语言和JVM底层原理，擅长高并发下的web应用开发。\r\n精通Spring、SpringMVC、Mybatis、SpringBoot等企业应用框架，dubbo、zookeeper、SpringCould等分布式开发相关技术。\r\n熟悉Mysql，Oracle等主流数据库的开发，具有复杂业务系统的数据库设计和性能调优经验。'}
2021-03-19 08:55:41 [myspider.spiders.itcast] WARNING: {'name': '钟老师', 'title': '高级讲师', 'coment': '多年教学与开发经验，深入掌握MySQL、SSM框架、Spring全家桶、dubbo、zookeeper、缓存、NoSQL、消息队列、服务集成、微服务、持续集成及各种开源技术有着深厚的研究。曾参与主持开发太平洋二手车网、亲子网数据分析系统、大型网站用户行为分析系统、公司客户管理系统等项目。'}
2021-03-19 08:55:41 [myspider.spiders.itcast] WARNING: {'name': '张老师', 'title': '高级讲师', 'coment': '从事十年大型互联网软件开发和教学工作，具有丰富的软件开发和项目管理经验，精通Java 、Swift、Python等语言，曾主导并参与多个大型项目，包括W3Mobile华为协同办公平台，迪士尼蓝牙点读笔等。具有丰富的教学经验，授课思路清晰，风趣幽默，通俗易懂。'}
2021-03-19 08:55:41 [myspider.spiders.itcast] WARNING: {'name': '何老师', 'title': '高级讲师', 'coment': '北京大学计算机与科学专业毕业，十年一线开发及管理经验。 历经电信、国内/国际机票预定、互联网金融等热门行业的项目历练，对传统JavaEE技术体系、云计算、大数据等技术都具有深厚的技术功底。“细心，耐心，用心”是一贯坚持的工作态度。'}
2021-03-19 08:55:41 [myspider.spiders.itcast] WARNING: {'name': '冀老师', 'title': '高级讲师', 'coment': '曾任北京安博集团Java/Android高级讲师、恒名软件科技有限公司技术总监、北京开科唯识技术有限公司项目经理等职务，对互联网技术领域的知识及经验有着深厚积淀，坚信成熟的技术工作能够为互联网行业的发展带来更大的保障。'}
2021-03-19 08:55:41 [myspider.spiders.itcast] WARNING: {'name': '王老师', 'title': '高级讲师', 'coment': '9年JAVA开发管理和教学,先后在STS（国外）、艾默生网络能源、华胜天成等担任过高级软件开发工程师、项目主管等职务。精通MySql、Oracle等数据库以及市场流行的web框架（ssm、spring全家桶等）。参与完成的项目主要有:移动国漫项目、短信平台、流量平台、海外物流等。'}
2021-03-19 08:55:41 [myspider.spiders.itcast] WARNING: {'name': '孔老师', 'title': '高级讲师', 'coment': '先后在宜信、顺丰、美菜担任高级研发工程师，具有近10年的java实战研发经验，熟练掌握当今主流技术(mybatis/ibatis、spring、springmvc、dubbo、elasticsearch、springboot、springcloud)，曾参与研发基础医疗His、CRM、美菜搜索、顺丰优选等项目。'}
2021-03-19 08:55:41 [myspider.spiders.itcast] WARNING: {'name': '狄老师', 'title': '高级讲师', 'coment': '10年一线开发和教学经验,精通Java,C#,JS等多门编程语言,精通MySQL,Oracle等主流数据库系统.对流行框架Struts2/SpringMVC,Spring,MyBatis/Hibernate等,有深入研究.先后在国内最大的仓储物流电商服务公司和河南省最大的医学科技公司中,担任高级软件工程师的职位.主导或参数了仓储物流系统和河南省医疗服务信息化的相关建设工作。'}
2021-03-19 08:55:41 [myspider.spiders.itcast] WARNING: {'name': '梅老师', 'title': '高级讲师', 'coment': '曾担任过Android应用开发,Java企业级开发高级工程师,智能家居行业曾获取App软件专利,精通当下主流的框架(Mybatis,SpringMVC,Spring,vue),以及其底层实现的原理,熟练使用，主流的数据库(Mysql,Oracle,redis),有比较丰富的授课经验。'}
2021-03-19 08:55:41 [myspider.spiders.itcast] WARNING: {'name': '魏老师', 'title': '高级讲师', 'coment': '曾在中科软担任高级软件工程师,丰富的oracle ,mysql 实战经验,丰富的系统调优经验熟悉javaEE ,spring,mybatis ,redis,dubbo等应用开发,参与过民生保险核心系统研发长城客服系统研发等。'}
2021-03-19 08:55:41 [myspider.spiders.itcast] WARNING: {'name': '夏老师', 'title': '高级讲师', 'coment': '上海交大软件工程毕业，10年大型项目实战经验，精通C++、Java、JavaScript等多种主流开发语言。曾在多家500强企业任职，参与金融、物联网、通信等多个领域系统的设计和开发，对常用分布式技术和微服务架构均有深入研究。'}
2021-03-19 08:55:41 [myspider.spiders.itcast] WARNING: {'name': '张老师', 'title': '高级讲师', 'coment': '曾经主导和参与过：中国银行网点规划系统、河南移动网上营业厅、郑州市科技局综合性门户网站、河南地税缴费系统等等项目。曾经参与策划和编写过多本书籍并出版发行，例如《Ajax+JSP巧学巧用》《Struts2框架开发从入门到精通》《EJB3从入门到精通》等等。'}
2021-03-19 08:55:41 [myspider.spiders.itcast] WARNING: {'name': '张老师', 'title': '高级讲师', 'coment': '6年一线教学经验，在教学方面特别注重学员对知识点的消化吸收，对知识点讲解能够深入浅出，精准把握，深受广大学员好评,对javaSE,javaEE项目开发流程和架构非常熟悉，对html,css,JavaScript,Servlet,Jsp,Json,Ajax,linux,Spring,SpringMVC,Mybatis,Mysql等开发常用技术有深入研究。'}
2021-03-19 08:55:41 [myspider.spiders.itcast] WARNING: {'name': '张老师', 'title': '高级讲师', 'coment': '郑州大学硕士研究生，先后在亚信科技、北京SUCO等公司担任过高级工程师及项目经理等职务，熟悉JavaEE平台下相关技术及各种数据库应用及开发，曾被郑州大学计算系聘为Java主讲讲师两年，拥有十余年Java平台的开发经验。领导并参与北京省惠O2O和P2P创易金融系统、河南省地税电子政务系统、河南省联通网上营业厅一期二期工程等大型工程项目。'}
2021-03-19 08:55:41 [myspider.spiders.itcast] WARNING: {'name': '张老师', 'title': '高级讲师', 'coment': '多年开发和教学经验, 精通前后端全栈开发, 掌握Java, Spring, MyBatis, JSP, Servlet, MySQL, Oracle等技术, 对算法和设计模式有深入研究和实践应用, 曾参与研发互联网停车平台，旅游出行平台，大型电商等项目。'}
2021-03-19 08:55:41 [myspider.spiders.itcast] WARNING: {'name': '周老师', 'title': '高级讲师', 'coment': '8年软件开发经历，具有丰富的项目实战经验。先后在博雅数据、金电技术开发中心、新开普电子股份有限公司担任研发组长、项目经理。先后参与了江苏银行、海南农村信用社信贷项目；央行MTPS移动金融安全可信公共服务平台系统、央行TSM可信服务管理平台；银川公交TSM项目、银川智慧公交NFC项目。拥有丰富的java企业级项目开发经验。'}
2021-03-19 08:55:41 [myspider.spiders.itcast] WARNING: {'name': '吕老师', 'title': '高级讲师', 'coment': '5年项目实战开发经验，先后在移联支付，英迈思，未来集市等担任过高级软件开发工程师，开发组长等职务，熟悉javaEE开发，spring，搜索引擎，中间件，数据库，即时通讯技术，曾主持参与多个电商项目的架构和开发。'}
2021-03-19 08:55:41 [myspider.spiders.itcast] WARNING: {'name': '阮老师', 'title': '高级讲师', 'coment': '对分布式、SOA以及微服务架构有研究和使用经验，掌握分布式缓存MemCache和Redis，熟练使用springboot、springcloud、spring、hibernate等主流服务器端开源框架。曾任职京东、猎聘网等互联网企业，并参与研发京东商家返利系统、审计系统等。'}
2021-03-19 08:55:41 [myspider.spiders.itcast] WARNING: {'name': '刘老师', 'title': '高级讲师', 'coment': '曾任Mbp集团研发一部高级软件工程师，6年项目经验。曾参与日本某公司网上商城（jsp + struts2 + spring + DBFlute）研发，类似京东商城；物联网监管平台（建设工程质量检测全过程系统）等。讲课细致入微，善于与学生互动，话语通俗，一针见血，发人深省。'}
2021-03-19 08:55:41 [myspider.spiders.itcast] WARNING: {'name': '陆老师', 'title': '高级讲师', 'coment': '拥有多年开发和教学经验，精通JavaEE领域编程语言。\r\n深入研究流行框架 SpringMVC、Spring、Hibernate、MyBatis、缓存系统Redis等。\r\n教学擅长理论与实际相结合，对复杂简单化。\r\n曾参与研发大型项目《万达慧云系统》、《建筑需求响应运营管理系统》等。'}
2021-03-19 08:55:41 [myspider.spiders.itcast] WARNING: {'name': '谈老师', 'title': '高级讲师', 'coment': '具有丰富的软件开发和教学经验，精通Java，Android，大数据开发技术，热衷于研究主流Java开源框架、Web开发技术。擅长JavaSE研究与教学，有丰富的行业知识、教学经验。上课案例丰富有趣，把Java知识点和生活相结合，让学员产生浓厚的学习兴趣。'}
2021-03-19 08:55:41 [myspider.spiders.itcast] WARNING: {'name': '周老师', 'title': '高级讲师', 'coment': ' 2015年加入黑马，精通Servlet、JSP、JavaMail、JDBC、JMS、WebService、Struts2、Spring、SpringMVC框架、mybatis等技术；精通mysql、oracle数据库，tomcat、JBoss等服务器的搭建和部署。在中软等企业从事大型web项目的设计开发多年，曾任项目经理等职位。'}
2021-03-19 08:55:41 [myspider.spiders.itcast] WARNING: {'name': '张老师', 'title': '高级讲师', 'coment': '多年教学开发经验，曾翻译多本外文著作； 曾先后就职于空中网、英特尔中国研究院，讲课言简意赅，讲干货， 授课接地气。 尤其擅长j2ee技术栈中的流行框架 SpringMVC,Spring, MyBatis常见的服务器中间件 Tomcat, ElasticSearch , Oracle, Mysql 数据库等。'}
2021-03-19 08:55:41 [myspider.spiders.itcast] WARNING: {'name': '雷老师', 'title': '高级讲师', 'coment': '拥有10年以上Java开发及培训经验。先后在多家上市企业担任研发主管、开发经理等职务；先后主导并参与过东莞汉康ERP系统、安琪酵母网上商城系统、楚天高速治超管理系统、湖北消防信息管理系统；拥有丰富的Java教学与企业培训经验，曾先后就职于多家大型培训机构、三峡大学科技学院等单位从事Java教学工作。'}
2021-03-19 08:55:41 [myspider.spiders.itcast] WARNING: {'name': '王老师', 'title': '高级讲师', 'coment': '多年软件开发及项目管理经验，精通JAVA、PHP、C++等编程语言;先后在北京K2地产、由米定制等企业担任开发及管理工作；精通struts2、spring、hibernate、springmvc、mybatis等常用框架;对oralce,mysql,redis,mongoDB等数据库技术有深入研究。\r\n'}
2021-03-19 08:55:41 [myspider.spiders.itcast] WARNING: {'name': '田老师', 'title': '高级讲师', 'coment': '具有多年的教学和项目开发经验。精通Java SE技术，精通Java EE、SSM/SSH等流行框架。精通多种数据库MySql、Oracle、MongoDB和redis等。对于开源的项目有深入的研究，精通jvm虚拟机内部机制。对于数据库优化、网络通信，微服务、及各种开源技术有着深厚的研究。多次获得公司优秀员工和年度优秀讲师的称号。上课的风格很受学员欢迎和认可'}
2021-03-19 08:55:41 [myspider.spiders.itcast] WARNING: {'name': '付老师', 'title': '高级讲师', 'coment': '6年软件开发与教学经验，涉足Java、Android、iOS等平台，13年在中关村从事k12在线教育系统的开发，曾在大型外包公司纬创软件任职高级软件开发工程师，和西门子员工一起开发中国移动"和健康"医疗项目，教学耐心、课堂氛围活跃、责任心强、深受学生好评。'}
2021-03-19 08:55:41 [myspider.spiders.itcast] WARNING: {'name': '何老师', 'title': '高级讲师', 'coment': '拥有多年开发经验，先后在中科大洋、易宝支付等公司担任高级软件开发工程师等职务。\r\n热衷于研究主流Java开源框架、Web开发技术。擅长j2ee技术栈中的spring、SpringMVC, MyBatis，springboot等流行框架，以及对Tomcat, ElasticSearch, Oracle, Mysql，redis等有深入研究。对待学生循循善诱，讲解知识深入浅出。\r\n'}
2021-03-19 08:55:41 [myspider.spiders.itcast] WARNING: {'name': '李老师', 'title': '高级讲师', 'coment': '8年JavaEE开发与教学经验，精通JavaEE技术体系，对JavaWeb以及Spring,Springmvc,Struts2,Hibernate,Mybatis等技术有深入的研究。对微服务架构springboot、SpringData、SpringCloud、Docker等技术有系统的研究。熟练应用vueJs,nodeJs，angularJs等前端框架。精通MySQL、Oracle、Redis、MongoDB等数据的搭建和优化等，曾参与研发黑龙江联通管理系统，国家电网项目，中国电建招标平台系统等开发与管理工作。'}
2021-03-19 08:55:41 [myspider.spiders.itcast] WARNING: {'name': '刘老师', 'title': '高级讲师', 'coment': '拥有6年的工作经验，从事多年软件开发和教育事业，工作期间参与完成了多个智能家居，智能健康，智能手环项目，对软件的架构和开发深刻的认识。熟悉JavaSE，JavaEE，Android相关的开发，目前主要从事JavaSE的教育工作，善于将0基础学员入门Java行业。\t\t\t\t\t\t'}
2021-03-19 08:55:41 [myspider.spiders.itcast] WARNING: {'name': '王老师', 'title': '高级讲师', 'coment': '多年的Java软件开发经验，精通Java、Web前端、C语言、MySql数据库等。曾就职于海派通讯北京研发中心参与联想手机系统的定制工作，在深圳华南城网主导逛市场APP的研发工作等。\r\n在传智播客有3年的JavaEE教学经验，授课风格平稳、流畅、思路清晰。'}
2021-03-19 08:55:41 [myspider.spiders.itcast] WARNING: {'name': '周老师', 'title': '高级讲师', 'coment': '曾就职于文思海辉金融事业部，担任过高级软件开发工程师、项目经理等职位， 具有多年的银行金融方面的开发经验。任职期间参与开发了各大银行的金融IC卡交易平台开发，银行安卓、苹果支付平台搭建和中国银联商务卡系统项目。'}
2021-03-19 08:55:41 [myspider.spiders.itcast] WARNING: {'name': '张老师', 'title': '高级讲师', 'coment': '10年以上开发以及教育经验，参与过大型的电子商务购物平台、中国电信在线营业厅等项目的开发，在我友科技、杭州数云信息技术担任开发经理职位。曾参与项目：《NewBI》《我友商城》《中国电信套餐直通车》等。\r\n'}
2021-03-19 08:55:41 [myspider.spiders.itcast] WARNING: {'name': '饶老师', 'title': '高级讲师', 'coment': 'JavaEE开发与教学多年，精通JavaEE技术体系，对流程SSH,SSM以及潮流的SpringData、SpringCloud、Docker等技术有深入的研究。授课逻辑严谨、条理清晰，注重学生独立解决问题的能力，善于总结一类问题，启发式教学。'}
2021-03-19 08:55:41 [myspider.spiders.itcast] WARNING: {'name': '李老师', 'title': '高级讲师', 'coment': '先后在中软、文思创新、人人网等担任过高级软件开发工程师、项目经理等职务。熟悉Java EE(JSP/Servlet、 JDBC、Struts2、Spring、Hibernate)应用开发。曾主持参与开发基于Android平台的视频点播、手机电视、无线点餐、人人网等项目。'}
2021-03-19 08:55:41 [myspider.spiders.itcast] WARNING: {'name': '杨老师', 'title': '高级讲师', 'coment': '10年软件开发与教学经验，资深软件工程师，项目经理。曾主导参与项目：广东电网营配一体化、综合停电、联通沃音乐门户、南度度节能网、湖南电信综合网管、湖南电信端到端健康度评分大数据分析平台等项目。精通企业级J2EE应用体系，hadoop/spark大数据平台与生态环境。\r\n'}
2021-03-19 08:55:41 [myspider.spiders.itcast] WARNING: {'name': '赵老师', 'title': '高级讲师', 'coment': '12年软件开发与教学经验，具有丰富的技术团队管理经验，精通Java EE(JSPServlet、 JDBC、Struts2、Spring、Hibernate、mybaits)，以及 WebService,Ajax，Oracle，DB2，MySQL，NoSql、分布式RPC框架Dubbo、SpringCloud、Zookeeper、MQ、Redis等。曾先后参与江苏媒资系统、中信银行大客户对公平台、胜利油田办公自动化平台、武警部队信息化系统的研发和管理工作。'}
2021-03-19 08:55:41 [myspider.spiders.itcast] WARNING: {'name': '张老师', 'title': '高级讲师', 'coment': '曾在多家公司担任过高级工程师，技术部经理等工作。在中科院自动化研究所任职期间，参加了国家863计划《信息技术领域高融合度增强现实技术及系统项目》。精通Java技术和主流的关系型数据库。对JavaEE核心以及SSH框架也有较深入的研究。'}
2021-03-19 08:55:41 [myspider.spiders.itcast] WARNING: {'name': '陈老师', 'title': '高级讲师', 'coment': '精通Java、C、Android等技术体系，深入掌握struts、hibernate、 spring、springmvc, mybatis等技术框架。曾参与《客户关系管理系统》、《信贷系统》、《报表系统》等软件的项目分析设计及研发。'}
2021-03-19 08:55:41 [myspider.spiders.itcast] WARNING: {'name': '娄老师', 'title': '高级讲师', 'coment': '19年软件开发及教学经验，先后在国内IT名企担任高级软件开发工程师、项目经理、系统架构师、技术总监等职务。精通dubbo  、spring cloud等分布式架构技术以及vue.js等前端框架，曾主导几十个企业级项目的研发，涉及的领域有电子商务、电子政务、erp等企业级应用。'}
2021-03-19 08:55:41 [myspider.spiders.itcast] WARNING: {'name': '惠老师', 'title': '高级讲师', 'coment': '多年互联网金融行业开发经验,曾在多家公司担任高级软件开发工程师，能够灵活的运用多种技术完成相关业务的开发工作。熟悉javaSe 、 SSH、SpringMVC、myBatis、ExtJs、dubbo、MySql等多种技术。'}
2021-03-19 08:55:41 [myspider.spiders.itcast] WARNING: {'name': '郭老师', 'title': '高级讲师', 'coment': '多年软件开发工作，曾就职于合力亿捷电信集团、启航方舟等公司，丰富软件开发经验。曾参与过中国联通总部行业应用汇聚平台、开锁智能服务系统、灾情卫士、Fesco人力资源等系统开发，担任项目经理、高级软件工程师、高级讲师等职务。'}
2021-03-19 08:55:41 [myspider.spiders.itcast] WARNING: {'name': '朱老师', 'title': '高级讲师', 'coment': '具有多年技术创业经验，曾开发电商系统、电商广告系统并凭借该系统成立独立软件公司，曾为大型外贸企业规划并主导垂直B2C电商技术体系。深入了解Java虚拟机，喜欢探寻事物内在关联。具有超过五年Java教学经验，教学风格平实稳重，逐步深入。 '}
2021-03-19 08:55:41 [myspider.spiders.itcast] WARNING: {'name': '胡老师', 'title': '高级讲师', 'coment': '从事软件开发工作多年，涉及.Net、HTML5、Unity3d、IOS等平台，曾参与乌龟猜猜,敲打乐敲你妹等跨平台游戏项目的开发，之后投身教育行业,授课过程中擅长使用图片、动画把知识点化繁为简,深受学员喜爱。'}
2021-03-19 08:55:41 [myspider.spiders.itcast] WARNING: {'name': '刘老师', 'title': '高级讲师', 'coment': '后端开发出身，曾在金和软件参与大型SOA项目开发；后入职国美集团旗下，负责前端开发工作。基础扎实，深入原理。热爱技术，喜欢读书，看过大量有关前端方面的书籍。 为人友善，知识面广泛。'}
2021-03-19 08:55:41 [myspider.spiders.itcast] WARNING: {'name': '郑老师', 'title': '高级讲师', 'coment': '七年前端开发经验，历任前端负责人、研发经理等职位，曾主导社群电商、安全、电商等相关领域的项目，对小程序、Vue、React、Node等技术有深入的研发，擅长以项目、案例驱动教学，对待代码严谨，注重培养学生独立思考与解决问题的能力，大前端路上，一起与你同行。'}
2021-03-19 08:55:41 [myspider.spiders.itcast] WARNING: {'name': '王老师', 'title': '高级讲师', 'coment': '秉承务实、责任、创新、育人的价值观，用爱成就每一位学生。拥有多年互联网前端应用和软件开发经验，擅长React、Vue。曾就职于TalkingData、用友等公司，负责过多个大型数据分析和可视化平台、移动电商等项目架构和研发工作。'}
2021-03-19 08:55:41 [myspider.spiders.itcast] WARNING: {'name': '张老师', 'title': '高级讲师', 'coment': 'Web前端工程师，具有多年前端开发经验，擅长JavaScript、jQuery、微信小程序的应用。尤其在地图开发方面较为丰富，喜欢将学习的知识应用实践。具备全栈开发能力，可搭建适合公司前端开发的脚手架。'}
2021-03-19 08:55:41 [myspider.spiders.itcast] WARNING: {'name': '王老师', 'title': '高级讲师', 'coment': '十年前端项目研发与教学经验，曾主导研发安防、邮件、电商、ERP等相关领域项目，专注于Node.js全栈，前端工程化，React、Vue、小程序、移动App等前端相关技术栈研究并具备丰富的项目架构与研发经验，热衷于技术研究与课程设计。'}
2021-03-19 08:55:41 [myspider.spiders.itcast] WARNING: {'name': '胡老师', 'title': '高级讲师', 'coment': '曾就职于神州泰岳股份有限公司，先后参与了Ultra-EMS、Ultra-PASM等多个项目的开发，精通javaee与前端开发。有丰富的开发经验和教学经验，上课风趣幽默，善于将繁杂晦涩的知识点以通俗易懂的方式进行讲解，让学生知其然，更知其所以然。'}
2021-03-19 08:55:41 [myspider.spiders.itcast] WARNING: {'name': '彭老师', 'title': '高级讲师', 'coment': '师范大学计算机科学与技术专业毕业。多年互联网和移动互联网开发经验，参与开发项目：广东省移动物流信息管理系统、深圳移动配送一体化平台、深圳移动领导视窗、珠海移动领导视窗等。在移动端主持开发《广东省移动物流信息管理系统-PDA端》等。'}
2021-03-19 08:55:41 [myspider.spiders.itcast] WARNING: {'name': '周老师', 'title': '高级讲师', 'coment': '2014年即已投身IT教育，前后端课程均有丰富的教学经验。课堂氛围欢快活跃，讲课极具感染力。整体授课风格幽默，且善于将复杂知识点剖析彻底、缓缓推进的方式让学生听明白，深受广大学员好评。'}
2021-03-19 08:55:41 [myspider.spiders.itcast] WARNING: {'name': '万老师', 'title': '高级讲师', 'coment': '资深高级全栈开发工程师，曾主导开发广铁运输、智能设备项目。精通Node.js、webpack、Vue、React、微信小程序，热衷于技术分享，在B站上发布的微信小程序项目访问排名靠前。教学风格幽默、细腻、能快准狠的将知识传达给学生。'}
2021-03-19 08:55:41 [myspider.spiders.itcast] WARNING: {'name': '梁老师', 'title': '高级讲师', 'coment': '毕业于巴黎第十三大学网络多媒体专业，旅法期间服务于艾姆家居，Cibox（法国），曾任微来中国前端负责人，主导澳蚁，趣拼标前端架构。精通JavaScript、Vue、Node.js、jQuery，熟悉 PHP、Mysql，性格乐观开朗，上课善于带动学生的学习激情。'}
2021-03-19 08:55:41 [myspider.spiders.itcast] WARNING: {'name': '苏老师', 'title': '高级讲师', 'coment': '6年+从业经验，精通HTML5、CSS3、JavaSript， 熟悉Vue、React、Angular、jQuery、BootStrap。 特别擅长微信小程序，首次研发和实施了完整的微信小程序商城项目。 教学细腻，能够深入浅出地剖析知识点。'}
2021-03-19 08:55:41 [myspider.spiders.itcast] WARNING: {'name': '王老师', 'title': '高级讲师', 'coment': '九年前端开发架构经验，精通JavaScript、Vue、React、微信小程序、NodeJs等技术，对前端架构、框架底层原理、前端工程化均有丰富的经验，曾主导并参与华为大屏可视化等多个大型项目的架构与研发。'}
2021-03-19 08:55:41 [myspider.spiders.itcast] WARNING: {'name': '于老师', 'title': '高级讲师', 'coment': '先后在深交所等多家大型公司担任前端开发工程师，精通html/css/JavaScript/jquery库、Ajax、NodeJS等。多年教辅经验、上课通俗易懂有激情，带班认真负责亲和力强，善于启发学生自我思考来解决问题，一直以“传道，授业，解惑”作为自己的职业座右铭。'}
2021-03-19 08:55:41 [myspider.spiders.itcast] WARNING: {'name': '孔老师', 'title': '高级讲师', 'coment': '性格开朗，为人细心，做事认真，有较强的责任心，多年的前端项目开发经验。\r\n先后多家大型公司担任前端开发工程师，精通html/css/JavaScript/jquery库、Ajax、NodeJS等。\r\n多年教辅经验、上课通俗易懂有激情，带班认真负责亲和力强常以幽默的语言活跃课堂气氛。\r\n授课思路清晰，以贴切的案例，让学员轻易掌握知识点并能深刻的理解和运用。\r\n'}
2021-03-19 08:55:41 [myspider.spiders.itcast] WARNING: {'name': '刘老师', 'title': '高级讲师', 'coment': '从事移动互联开发三年，从事教学工作三年，授课风格风趣幽默，注重与学生的沟通，深得学生好评。在软件开发和培训方面积累了丰富的经验,涉足跨平台技术解决方案，熟练使用vue、react等框架，熟悉node、mysql等。曾服务过阿里巴巴、百度、蒙牛、加多宝、好声音、特仑苏等大型公司的项目开发。'}
2021-03-19 08:55:41 [myspider.spiders.itcast] WARNING: {'name': '王老师', 'title': '高级讲师', 'coment': '具备多年电商&互联网移动APP市场&物联网行业的软件开发经验，对主流MVVM技术框架(React、微信小程序、Vue)，UI框架，模块化，原生JavaScript，NodeJS，数据库，代码管理工具等有着丰富的实战运用经验和团队协作经验。曾带领团队完成企业级系统应用设计、搭建、开发、上线等一整套的流程。'}
2021-03-19 08:55:41 [myspider.spiders.itcast] WARNING: {'name': '王老师', 'title': '高级讲师', 'coment': '多年前端开发工作经验，精通JavaScript、DOM、JQuery、Ajax、node.js及一些流行框架vue等前端技术，在教学方面喜欢以实战方式来教学，对课程知识的细节极为看重，秉承传智播客用心上好每一节课，用心教好每一位学子的理念，让每个传智学子不留遗憾！'}
2021-03-19 08:55:41 [myspider.spiders.itcast] WARNING: {'name': '邹老师', 'title': '高级讲师', 'coment': '多年前后端开发经验，投入教学后，更能把企业的技术架构理念与对学生的培养结合，重视课程的设计与教学创新。在各种前后端Web框架、通信框架、区块链应用和原理方面有很深的造诣。参与开发广东移动号码资源管理系统、广州丰田经销商管理系统、1ZX装修网、中国接待网等项目。善于通过图解的方式把复杂的知识点清晰的理顺出来，善于剖析问题的本质，讲课风趣幽默而富有激情，真心对待学员，学生都说“邹老师讲课很霸气，听着不犯困”。'}
2021-03-19 08:55:41 [myspider.spiders.itcast] WARNING: {'name': '王老师', 'title': '高级讲师', 'coment': '九年开发经验，专注于移动前端。擅长Java、PHP等后端技术，精通JavaScript、微信小程序、Vue、React、React Native、Weex等前端技术。曾任职于汇丰银行、360及乐信，主导了分期乐会员App、H5及乐卡App、小程序的开发，参与完成汇丰银行、360借条等多个App开发。热爱技术，热爱分享。'}
2021-03-19 08:55:41 [myspider.spiders.itcast] WARNING: {'name': '江老师', 'title': '高级讲师', 'coment': '多年软件开发经验和教学经验，精通html，css，js,asp.net等编程语言和数据库系统。深入研究流行框架bootstrap,ligerui,easyui等前端框架，在js面向对象上有很深的造诣。'}
2021-03-19 08:55:41 [myspider.spiders.itcast] WARNING: {'name': '刘老师', 'title': '高级讲师', 'coment': '有丰富的项目开发经验和授课经验，具备全栈研发能力。较强的JavaScript语言功底，精通主流框架如Vue、React。擅长将复杂抽象的理论用简单直接的形式去讲解,高效授课,干货满满。'}
2021-03-19 08:55:41 [myspider.spiders.itcast] WARNING: {'name': '易老师', 'title': '高级讲师', 'coment': '曾就职于网康科技、美的集团等企业，担任前端开发工程师，参与过iHR(大型企业级HR系统)、美课（企业级员工培训系统）、美福（员工福利平台）及其他中小型项目，拥有丰富的项目经验。之后投身IT教育事业，并在多家知名IT培训机构中担任前端讲师，拥有丰富的授课经验。'}
2021-03-19 08:55:41 [myspider.spiders.itcast] WARNING: {'name': '毛老师', 'title': '高级讲师', 'coment': '拥有多年电商&互联网金融行业的软件开发经验，曾在招商基金、eims、TCL集团担任项目经理与技术负责人职位，对主流的MVVM框架、移动端开发框架、UI框架、SPA、构建工具、Serverless、代码版本管理软件、模块化、RxJS、NodeJS、数据库等技术有丰富的开发和团队协同经验。'}
2021-03-19 08:55:41 [myspider.spiders.itcast] WARNING: {'name': '邱老师', 'title': '高级讲师', 'coment': '从事多年软件开发，曾在多迪网络，途牛网就职，对前端主流技术(HTML5,CSS3,javascript等)，流行框架(Vue,React等)有丰富的运用经验和独到理解，曾在公司中担任项目经理并带领团队完成企业网站的设计，搭建，上线，运营。擅长结合生活中的案例来生动讲解编程技术。'}
2021-03-19 08:55:41 [myspider.spiders.itcast] WARNING: {'name': '冯老师', 'title': '高级讲师', 'coment': '多年前端工作经验，曾任职某央企，参与政府政务系统、办公系统研发。\xa0精通HTML5、CSS3、\xa0JavaScript\xa0、Ajax；对Bootstrap、jQuery等前端框架有深入研究，对node、vue有独特理解，在JavaScript面向对象编程方向有一定理论研究。国家认定数据库工程师，熟悉MySQL、mongodb。\t\t\t\t\t\t'}
2021-03-19 08:55:41 [myspider.spiders.itcast] WARNING: {'name': '谢老师', 'title': '高级讲师', 'coment': '多年互联网项目开发经验，曾在CSDN担任核心开发工程师，对前后端技术都有涉猎和研究，熟悉Python、PHP、NodeJs，精通html/css/JavaScript、jquery库、Ajax等，热爱研究技术。上课语言通俗易懂、对学生平易近人，认真负责！'}
2021-03-19 08:55:41 [myspider.spiders.itcast] WARNING: {'name': '汤老师', 'title': '高级讲师', 'coment': '6年开发经验5年教学经验，精通JavaScript、Ajax、Git、jQuery、Node.js、Vue等。曾就职于链接网、高德地图。讲课沉稳、条理清晰，善于使用现实生活中的现象描述编程，启发学生。'}
2021-03-19 08:55:41 [myspider.spiders.itcast] WARNING: {'name': '段老师', 'title': '高级讲师', 'coment': '前端开发工程师和软件开发工程师， 5年软件开发项目经验，精通网站前端设计和Html、JavaScript、CSS+DIV、Regular Expressions和Ajax以及客户端技术的使用。'}
2021-03-19 08:55:41 [myspider.spiders.itcast] WARNING: {'name': '赵老师', 'title': '高级讲师', 'coment': 'Web前端工程师，具有多年Web开发经验，熟悉前端技术开发架构，喜爱并热衷于前端开发，特别在Vue、Node.js、React等主流技术领域实践并积累了丰富的经验，提出并成功主导了B2C、社交、O2O、IM、OA等众多领域的技术解决方案，同时在结合\xa0Linux\xa0服务器相关技术优化提升网站性能方面具有丰富的实践经验。'}
2021-03-19 08:55:41 [myspider.spiders.itcast] WARNING: {'name': '周老师', 'title': '高级讲师', 'coment': '十年Java与Web前端项目研发与教学经验，曾担任系统架构师、前端主管等职位。曾主导和研发物联网、网银、团购、电商、金融等相关领域的项目。对Node.js、Vue、小程序、React、移动App、数据可视化等前端技术有深入研究并有丰富的项目架构和研发经验。授课条理清晰，循序渐进，深入浅出，认真耐心细致的将知识传授给每一位学员。\t\t\t\t\t\t'}
2021-03-19 08:55:41 [myspider.spiders.itcast] WARNING: {'name': '凡老师', 'title': '高级讲师', 'coment': 'Web前端开发工程师，软件设计师，具有多年软件开发经验，曾供职于京东商城，先后参加多个大型管理系统开发，负责前端技术架构，公共业务组件封装。精通前端技术体系，熟练使用CSS3、ES6，typescript、Vue、React、Node.js、mysql等前后端技术。擅长将工作经验融入教学实践，授课清晰，认真负责，热衷于传播实战开发技能，深受学员认可。\t\t\t\t\t\t'}
2021-03-19 08:55:41 [myspider.spiders.itcast] WARNING: {'name': '高老师', 'title': '高级讲师', 'coment': '八年团队研发经验，前后端各类技术均有涉猎，前后研发了多个平台级项目产品，曾担任某大型软件企业的前端架构师，负责公司平台级应用开发工具的设计和架构，精通OTO类移动开发业务，曾担任某大型餐饮软件公司前端负责人，负责公司移动端产品设计和技术架构的开发工作。'}
2021-03-19 08:55:41 [myspider.spiders.itcast] WARNING: {'name': '刘老师', 'title': '高级讲师', 'coment': '拥有多年开发教育经验，精通HTML、CSS、JavaScript、jQuery、PHP、mysql等技术，在教学过程中认真，知识点讲解细腻，对待学生要求严格，同时风趣幽默的授课风格让学员听得轻松，学的容易，记得更牢固。\t\t\t\t\t\t'}
2021-03-19 08:55:41 [myspider.spiders.itcast] WARNING: {'name': '苏老师', 'title': '高级讲师', 'coment': '十年开发经验，精通JavaScript、微信小程序、Vue、JavaScript、React、React Native、php等前后端技术，主导开发了科威特石油系统、宝马供应链系统等大型项目。熟悉项目开发中的前后端交互，擅长将工作经验融入教学实践，以项目驱动教学，风格幽默诙谐，深受学生喜欢。'}
2021-03-19 08:55:41 [myspider.spiders.itcast] WARNING: {'name': '王老师', 'title': '高级讲师', 'coment': '八年教学经验，四年教学团队带队经验，涉足Java、.Net、PHP、前端开发等领域。曾进入物流行业，为物流行业打造量身定制的企业内、外部软件系统，并涉足移动互联网，对安卓、iOS等移动平台开发具有很深的研究。'}
2021-03-19 08:55:41 [myspider.spiders.itcast] WARNING: {'name': '黄老师', 'title': '高级讲师', 'coment': '多年大中型项目开发经验,对前端Node、Vue、React、小程序等有深入的研究,曾就职于用友软件湖南分公司、光线传媒等大型企业，在软件开发和培训方面积累了丰富的经验,主导并参与餐饮ERP、传媒行业CRM系统等多个大型项目的研发。'}
2021-03-19 08:55:41 [myspider.spiders.itcast] WARNING: {'name': '董老师', 'title': '高级讲师', 'coment': '前端开发工程师，多年大型项目开发经验，曾主导华为人才生态平台开发，农行智能营销系统开发，农行内控管理系统开发，电信大数据管理等大型项目前端开发，有丰富实战经验，精通前端各主流技术。\t\t\t\t\t\t\t'}
2021-03-19 08:55:41 [myspider.spiders.itcast] WARNING: {'name': '林老师', 'title': '高级讲师', 'coment': '前端开发工程师，丰富的开发经验以及教学经验。工作态度严谨细致，教学风格以幽默诙谐见长，深受学生喜爱。秉承的授课理念是：编程本质是枯燥的，但授课不是。'}
2021-03-19 08:55:41 [myspider.spiders.itcast] WARNING: {'name': '王老师', 'title': '高级讲师', 'coment': '拥有多年开发经验，精通html、css、js、jquery、HTML5、Ajax、Vue等各种前端框架和技术，对移动端开发有独到见解，擅长将工作经验融入教学实践，以项目驱动教学。'}
2021-03-19 08:55:41 [myspider.spiders.itcast] WARNING: {'name': '张老师', 'title': '高级讲师', 'coment': '多年互联网项目开发经验与一线教学经验，精通Web前端与移动端、JavaScript、Ajax、Nodejs、mysql、Express、Vue等流行技术，5个以上独立开发经验，10个以上团队开发经验，曾担任过招商银行某金融平台开发团队负责人，擅长培养学生的编程思维与IT学习技巧，以程序灵感来源于生活的教学方式旨在让每一个愿意学习的人能够更加亲切的学习软件开发技术以及面向对象的编程思想！\t\t\t\t\t\t'}
2021-03-19 08:55:41 [myspider.spiders.itcast] WARNING: {'name': '殷老师', 'title': '高级讲师', 'coment': '多年软件开发经验，曾任职于新浪，搜狗等知名互联网企业，担任软件架构和设计等方面工作。有新浪微盘，搜狗问问等千万级用户体量的软件开发经验。精通Vue，React，Node等前端主流开发框架，对后端开发，移动端开发也有深入研究。擅长用简洁明快的语言来描述晦涩难懂的代码。'}
2021-03-19 08:55:41 [myspider.spiders.itcast] WARNING: {'name': '郑老师', 'title': '高级讲师', 'coment': '5年一线开发经验，4年授课经验，在编程领域擅长多个技术方向。无论是前端、后端、移动端，还是Java、Python、JS都信手拈来，游刃有余。曾工作于一线大公司，时任技术经理，技术功底扎实。授课条理清晰，行云流水，给人酣畅淋漓的感觉。深受学员认可。'}
2021-03-19 08:55:41 [myspider.spiders.itcast] WARNING: {'name': '刘老师', 'title': '高级讲师', 'coment': '多年前端、移动端开发与教学经验，在JS、Android、iOS领域均有独特的见解。对 Android 源代码 与 前端流行框架Vue、React、jQuery等有深入研究。在多家公司担任过高级软件开发工程师、架构师等职位。曾主导开发《灯塔 - 党建在线》等多个大型软件开发项目。'}
2021-03-19 08:55:41 [myspider.spiders.itcast] WARNING: {'name': '董老师', 'title': '高级讲师', 'coment': '全栈工程师，Go语言工程师，.NET工程师，高级前端工程师，前端架构师，系统运维工程师，UX用户体验设计师。精通Javascript(ES6/7/8)、Golang、C#、React/Preact、Node.js、Electron、UNIX/BSD、Docker、kubernetes、Git、RDBMS、NoSQL等技术栈。有丰富的全栈开发经验，和深厚的理论知识基底。授课幽默风趣，扩展知识丰富，代码书写优雅。'}
2021-03-19 08:55:41 [myspider.spiders.itcast] WARNING: {'name': '黄老师', 'title': '高级讲师', 'coment': '具有多年的开发经验,喜欢和精通web前端.包括Vue.js,Node.js,jQuery,Angular,web工程化,全栈开发等.参与开发恒鼎办公自动化系统,万象网管计费系统,美加美o2o管理系统等项目,讲课逻辑清晰,擅长于把复杂问题细化,拆分到细小简单的问题,并能在学习方法,编程思路技巧等方面,很好得启发学生.\t\t\t\t\t\t'}
2021-03-19 08:55:41 [myspider.spiders.itcast] WARNING: {'name': '马老师', 'title': '高级讲师', 'coment': '6年一线互联网公司项目研发经验。精通HTML、CSS、javascript、jquery、vue.js等前端技能。参与过电商平台、物联网车贷系统、后台管理系统等多个项目的底层架构设计以及核心功能实现。英语优秀，吐字发音标准，讲课风格循循善诱，课堂生动有趣，注重培养学生编程思维的养成。“授人以鱼更要授人以渔”。'}
2021-03-19 08:55:41 [myspider.spiders.itcast] WARNING: {'name': '芮老师', 'title': '高级讲师', 'coment': 'Web前端开发工程师，具有多年的Web开发经验和教学经验。精通HTML，CSS、JavaScript等，对于前端主流框架Vue、React等有深入了解。技术基础坚实，前沿应用涉猎广泛。授课风格幽默风趣，讲解课程细致深入浅出，授课过程中注重与学生的沟通，广受学生好评。'}
2021-03-19 08:55:41 [myspider.spiders.itcast] WARNING: {'name': '何老师', 'title': '高级讲师', 'coment': '精通web 项目知识体系及前端的架构、技术选型等项目前期规划, 精通前端常用的技术框架如React，Vue,Angular等，熟悉软件产品项目流程和监控方法，丰富的项目实施、管理经验，参与开展多个大中型项目的从零到一的实施过程；高效的协调沟通能力，热爱教育事业.'}
2021-03-19 08:55:41 [myspider.spiders.itcast] WARNING: {'name': '蒋老师', 'title': '高级讲师', 'coment': 'Web前端工程师，多年前端开发和实践教学经验，精通JavaScript、Ajax、jQuery、Vue、React、小程序以及nodejs、php、mysql等前后端技术。喜欢钻研，热爱源码封装，授课风趣幽默，由浅入深，广为好评！'}
2021-03-19 08:55:41 [myspider.spiders.itcast] WARNING: {'name': '李老师', 'title': '高级讲师', 'coment': '多年项目开发经验，精通JavaScript、Vue、NodeJs、微信小程序等技术。上课语言通俗易懂，对学生平易近人，课程讲解深入浅出，极为擅长培养学生的编程思维。具备丰富前端授课经验。\r\n'}
2021-03-19 08:55:41 [myspider.spiders.itcast] WARNING: {'name': '马老师', 'title': '高级讲师', 'coment': '多年移动端、前端开发工作经验, 曾就职于大数聚科技,先后参与了车圈、比牛(卖家版)、比牛(买家版)等多个项目开发。擅长OC、swift 、JavaScript、node、vue、react、小程序等技术。'}
2021-03-19 08:55:41 [myspider.spiders.itcast] WARNING: {'name': '沈老师', 'title': '高级讲师', 'coment': '多年前端工作经验， 独立架构"兜世宝"项目pc端及移动端，多家企业前端规范制定者 。 并参与“星通北斗”，“办公24”，“淘美人”，“项目后台管理系统”等大型项目开发。 精通html、 css、 Js、 jquery 、ajax 。 并对html5 和响应式布局有独到见解。'}
2021-03-19 08:55:41 [myspider.spiders.itcast] WARNING: {'name': '李老师', 'title': '高级讲师', 'coment': '2013年开始开发工作，从事前端开发与软件开发。曾参与过某农业大学的全国考试系统、阅卷系统。\r\n擅长前端交互，项目经验丰富,讲课沉稳，通俗易懂。'}
2021-03-19 08:55:41 [myspider.spiders.itcast] WARNING: {'name': '熊老师', 'title': '高级讲师', 'coment': '六年前端开发经验，曾经就职于平安，苏宁等互联网公司，熟练掌握前端js,php等技术，\r\n完成过电商，微信公众号，后台管理系统等多项企业级应用'}
2021-03-19 08:55:41 [myspider.spiders.itcast] WARNING: {'name': '徐老师', 'title': '高级讲师', 'coment': '从事Web前端开发十年，先后就职于多家IT互联网公司，曾任职某网络公司技术主管。参与及主导研发过多个省级政府项目及海外项目，涉及金融、汽车、电子等多个领域。精通HTML, CSS, JavaScript, 对前端流行框架有深刻理解。多年前端产品培训，积累了丰富的教学经验。'}
2021-03-19 08:55:41 [myspider.spiders.itcast] WARNING: {'name': '张老师', 'title': '高级讲师', 'coment': '熟悉前端、C语言、C#、Java等四种语言，目前主攻前端。\r\n精通现今前端开发流行框架Vue、Angular、React\r\n具有五年多前端开发和教学经验，经常在互联网公司做技术分享。\r\n曾任多家创业型公司前端主力开发，对前端业务架构选型和后期复杂工程优化具有深刻体验。'}
2021-03-19 08:55:41 [myspider.spiders.itcast] WARNING: {'name': '郑老师', 'title': '高级讲师', 'coment': '7年教学与开发经验，深入研究过php,js等语言，后专注前端开发，精通:vue,react,angular,express等开发框架，MySQL、SQLSERVER\xa0、MongoDB数据库系统。曾参与多个电子商务,物流项目的开发。曾担任聚美优品前端工程师，授课风格：由浅入深，思路清晰，通俗易懂。'}
2021-03-19 08:55:41 [myspider.spiders.itcast] WARNING: {'name': '柏老师', 'title': '高级讲师', 'coment': '多年前端开发和教学经验，曾参与研发教师端随堂测系统、学生和家长端的k12教育系统。擅长使用Cordova + vue 构建hybrid app，有成功上线经验。精通前端流行框架、Node.js、PHP。擅长用幽默风趣的方式讲解枯燥复杂的内容。\r\n'}
2021-03-19 08:55:41 [myspider.spiders.itcast] WARNING: {'name': '王老师', 'title': '高级讲师', 'coment': '10年从业及教学经验，曾参OA、电商等大型项目的研发。精通\xa0HTML5、CSS3、JavaSript、React、Angular、Vue。对微信小程序，Node.js有深入研究。治学态度严谨、耐心、注重培养学生独立思考解决问题的能力。'}
2021-03-19 08:55:41 [myspider.spiders.itcast] WARNING: {'name': '张老师', 'title': '高级讲师', 'coment': '06年软件工程毕业，资深全栈讲师，从前端到后端架构有一套完整体系，入行前带领技术团队完成用户日增长量10W+的翼推送项目、天翼宽带、页游平台及分成系统架构和研发。讲课深入浅出，思路清晰到位，深受学生好评。'}
2021-03-19 08:55:41 [myspider.spiders.itcast] WARNING: {'name': '伍老师', 'title': '高级讲师', 'coment': '湖南师大毕业，十年开发和教学工作经验，专注于前端产品应用开发，曾主导广东省大学生就业服务平台，长沙市某建材交易信息网的开发。上课幽默风趣，思路清晰，注重学生自主探索，学生评价：上伍老师的课，能够在快乐中学习。'}
2021-03-19 08:55:41 [myspider.spiders.itcast] WARNING: {'name': '朱老师', 'title': '高级讲师', 'coment': '北京科技大学软件工程硕士，先后在爱奇艺和用友任高级前端和开发经理。主导研发了冶金行业智能工厂项目和江西政府云平台，精通React(源码)、Redux(源码)、jQuery (源码)、echarts、Node.js、HTML、CSS，授课方式风趣，深受学生喜爱。'}
2021-03-19 08:55:41 [myspider.spiders.itcast] WARNING: {'name': '陈老师', 'title': '高级讲师', 'coment': '高级全栈开发工程师，拥有多年开发经验和教学经验，荣获传智播客教育集团2017年度“优秀教师”称号。精通PHP、Python、Linux、MySQL等后端技术，熟练HTML、CSS、JavaScript、jQuery、Ajax、Node.js等前端技术。注重学以致用，善于激发学生独立思考问题的能力。'}
2021-03-19 08:55:41 [myspider.spiders.itcast] WARNING: {'name': '韩老师', 'title': '高级讲师', 'coment': '多年前后端开发和教学经验，对于 C#、php、 python、web前端等学科有学习和研究。另外对Linux系统和数据库优化有深度的掌握。参与研发项目，多媒体通讯平台、数据处理、电子商务等。授课有序幽默，课上同学的老师，课下同学的朋友。'}
2021-03-19 08:55:41 [myspider.spiders.itcast] WARNING: {'name': '梁老师', 'title': '高级讲师', 'coment': '多年前端开发经验，精通 HTML5，CSS3，JS。对微信小程序，移动APP，Vue，React等热门前端框架有深入研究，热衷钻研新技术，拥抱前端变化，极富热情的将符合当下企业需求的前端技术，认真耐心细致的传授给每一位学员。'}
2021-03-19 08:55:41 [myspider.spiders.itcast] WARNING: {'name': '刘老师', 'title': '高级讲师', 'coment': '在通信行业任职8年，从事开发、数据挖掘、数据分析等工作，参与营业及帐务系统的开发、数据仓库的建立，数据分析及预测系统的建设。对于前端各项技术、后端平台搭建、数据挖掘技术有深入研究。在传智播客任职多年，积累了丰富的授课经验。'}
2021-03-19 08:55:41 [myspider.spiders.itcast] WARNING: {'name': '刘老师', 'title': '高级讲师', 'coment': '10年以上的软件开发经验和丰富的教学经验。精通java、js、及Android系统架构，参于过开源项目phoneGap的开发并提交patch（PhoneGap 后改名为 Apache  Cordova），主要作品有神州付系列和钱袋宝系列产品，（钱袋宝团队后并入美团支付），指导并参于多个项目：百度输入法、捕鱼达人、百思不得姐、海尔智能家居、乐视机顶盒、口语100等众多软件。'}
2021-03-19 08:55:41 [myspider.spiders.itcast] WARNING: {'name': '卢老师', 'title': '高级讲师', 'coment': '先后在去哪儿网 百度多模交互搜索事业部担任高级工程师，在千里雪、灵智优诺等公司担任前端架构师、大前端团队leader，从无到有构建整个前端体系。擅长服务端MVC、客户端MV*、前后台同构等任意技术选型服务业务开发，支撑单页面内每秒更新万级以上dom节点的大数据量场景保障页面流畅使用。精通原生js、webAPIs、性能优化，对当下流行的技术栈vue react savlet都能轻松驾驭。'}
2021-03-19 08:55:41 [myspider.spiders.itcast] WARNING: {'name': '石老师', 'title': '高级讲师', 'coment': '多年前后端软件开发和教学经验，精通JavaScript、Ajax、jQuery、VUE等前端技术以及nodeJS、php、python、mySQL等后端技术，热爱研究技术，对知识的细节极为看重，秉承传智播客务实的理念，上课语言通俗易懂,热衷把知识传递给每一位学生。'}
2021-03-19 08:55:41 [myspider.spiders.itcast] WARNING: {'name': '孙老师', 'title': '高级讲师', 'coment': '多年软件开发经验和教学经验，精通html/css/JavaScript、jquery库、Ajax等。深入研究bootstrap,vue，react,react-native，小程序等前端相关技术，在小程序上有很深的造诣。'}
2021-03-19 08:55:41 [myspider.spiders.itcast] WARNING: {'name': '王老师', 'title': '高级讲师', 'coment': '毕业于北京大学信息管理专业，精通JAVAEE，ANDROID，PYTHON，JAVASCRIPT，曾参与北京企业信用网，北京企业年检年报系统，北京食品追溯系统等大型电子政务网站，还曾参与千万级用户群的APP百思不得姐开发设计。'}
2021-03-19 08:55:41 [myspider.spiders.itcast] WARNING: {'name': '邢老师', 'title': '高级讲师', 'coment': '多年前后端开发和教学经验，精通前端技术体系，对js、node、Vue、微信小程序、React等有深入理解。授课认真细致，注重细节，善长对复杂知识点的归纳和总结，热衷新技术的研究与探索，项目经验丰富。'}
2021-03-19 08:55:41 [myspider.spiders.itcast] WARNING: {'name': '肖老师', 'title': '高级讲师', 'coment': '拥有多年前后端开发管理经验，先后开发SNS互联网交友系统、汽车垂直电商项目等。\r\n热钟于全栈技术解决方案，擅长PHP、JavaScript、mysql数据库,Vue前后端分离技术。\r\n讲课深入浅出，通俗易懂，从学生的角度出发从已有知识推向未知知识点，将理论与实践相结合。'}
2021-03-19 08:55:41 [myspider.spiders.itcast] WARNING: {'name': '雷老师', 'title': '高级讲师', 'coment': '资深前端开发工程师， 精通Angularjs， Angular2.X+， Vue等框架，对nodejs服务器也有很深的研究；曾在上一家公司任职前端负责人，开发过一个大型婚庆型酒店VR的后台管理系统。秉承着将自己掌握的知识点毫无保留的交给学生，让每一位学生进入公司能更快的适应公司的开发节奏，走出自己的人生道路。'}
2021-03-19 08:55:41 [myspider.spiders.itcast] WARNING: {'name': '彭老师', 'title': '高级讲师', 'coment': '从事前端教学与研发7年，在一线教师岗位上具有丰富的教学和处理学生疑难问题的经验。主攻和研究PHP、JavaScript、SQL Server、MySql、Oracle等编程语言和数据库系统，深入掌握jquery、bootstrap、vue、typescript、react、easyui等技术框架，熟练应用PHP、node.js、python等后端技术。曾先后在高大尚网络等软件企业担任过程序员、技术经理等职务。曾带领团队开发过游戏后台管理系统、游戏官网、游戏平台系统、电子商务系统、微教育平台系统等。授课方式幽默，对简单问题有独到见解，对疑难问题能深入浅出。在引导与启发中挖掘学生潜能。'}
2021-03-19 08:55:41 [myspider.spiders.itcast] WARNING: {'name': '杨老师', 'title': '高级讲师', 'coment': '计算机科学与技术专业，4 年一线互联网公司开发经验。曾参与或独立负责PC端、移动端、桌面端项目的开发，如商城网站，各种OA以及桌面端应用。喜欢前端、熟悉后台！喜欢研究各种不同的新技术带来的乐趣，如 TS、Electron，并在实际项目中深度使用；对现有的前端架构体系以及前端框架有深入研究。选择教学，也是选择挑战自己，成就学员，就是成就自己！'}
2021-03-19 08:55:41 [myspider.spiders.itcast] WARNING: {'name': '马老师', 'title': '高级讲师', 'coment': '资深Web全栈开发工程师，中南大学软件工程毕业。 多年web开发、教学工作和管理工作经验，参与多个web项目的开发，带领团队开发公司官网、基于ERP的经销商门户网站、 在线教育管理平台、资源管理平台、大中型电子商务系统等。'}
2021-03-19 08:55:41 [myspider.spiders.itcast] WARNING: {'name': '曹老师', 'title': '高级讲师', 'coment': '阿里云大数据ACP专业认证工程师，多年大数据开发及教育培训经验，主导开发过房地产公司ERP系统、在线教育大数据分析平台、高校招生咨询大数据集成系统等项目。熟悉Java、Scala等编程语言，擅长Spark、Hadoop等大数据主流技术。'}
2021-03-19 08:55:41 [myspider.spiders.itcast] WARNING: {'name': '李老师', 'title': '高级讲师', 'coment': '多年开发和教学经验,精通C/C++，JavaEE，MySQL,Hadoop等技术,曾任职于中国电子科技集团公司第七研究所，担任高级研发工程师，曾参与移动公司RFID智能资产管理系统,中石油智能化数据分析系统等项目,讲课风格：幽默风趣、通俗易懂、深入浅出。'}
2021-03-19 08:55:41 [myspider.spiders.itcast] WARNING: {'name': '陈老师', 'title': '高级讲师', 'coment': '担任过大数据工程师、项目经理、大数据架构师，曾主导企业级大数据平台建设和多项大数据项目研发，对Hadoop、HBase、Spark等大数据计算引擎深入理解以及项目实际经验。参与基于Flink的实时反欺诈风控、实时地铁故障预警等流式计算平台的设计和研发。'}
2021-03-19 08:55:41 [myspider.spiders.itcast] WARNING: {'name': '闻老师', 'title': '高级讲师', 'coment': '高级互联网软件工程师，曾担任某物流公司CRM开发团队TL。多年大数据领域研发经验。擅长分布式开发和离线处理计算。对Hadoop、Flume、kafka、spark、ELK等大数据生态领域技术有一定的实践经验。'}
2021-03-19 08:55:41 [myspider.spiders.itcast] WARNING: {'name': '赵老师', 'title': '高级讲师', 'coment': '从事多年爬虫与大数据开发与教学，对大数据的主流框架有着深入的理解，如hadoop、kafka、hive等，参与并主导的项目涉及分布式电商,数据爬取,离线分析等多个行业,授课逻辑严谨，条理清晰，注重学生独立解决问题的能力。\t\t'}
2021-03-19 08:55:41 [myspider.spiders.itcast] WARNING: {'name': '唐老师', 'title': '高级讲师', 'coment': '从事多年互联网和大数据平台研发，主导和参与电商、医疗、通信等领域的项目开发，具有丰富的行业解决方案经验，对Hadoop、Kafka、Hive等大数据生态领域技术有深入研究。擅长教学和应用实践结合的方式为学员分享技术，驱动学员技术的应用性、思维的扩散性。'}
2021-03-19 08:55:41 [myspider.spiders.itcast] WARNING: {'name': '曹老师', 'title': '高级讲师', 'coment': '高级大数据开发工程师，曾担任某互联网公司大数据部门TL。负责主导了多个0到1大数据平台的落地实施，并在其中担任主力研发人员。具有多年大数据领域和云平台研发经验，曾管理维护上PB级数据量的大规模集群，有海量数据的实际处理经验。精通Java、Scala、Python等多种开发语言，思维敏捷，条理清晰，授课时善于引导学生思考并培养学生解决问题的能力'}
2021-03-19 08:55:41 [myspider.spiders.itcast] WARNING: {'name': '赵老师', 'title': '高级讲师', 'coment': '人工智能领域技术专家，多年模式识别和数据挖掘开发经验，主导研发多项国家和省级科研项目，专注ML/DL/PR/KG领域相关算法的应用，曾负责企业级信贷风控模型和智能医疗数据平台开发，对Hadoop、Spark、Tensorflow和PyTorch等大数据、人工智能技术有多年企业实践经验。\r\n'}
2021-03-19 08:55:41 [myspider.spiders.itcast] WARNING: {'name': '王老师', 'title': '高级讲师', 'coment': '软件工程学士,熟练掌握Java,Android,大数据技术,专注于JavaEE企业级应用开发,曾主导研发河南省畜牧局OA,河南省地税局移动OA,中国移动渠道分析平台,审计署(郑州)内部考核自动化分析系统。'}
2021-03-19 08:55:41 [myspider.spiders.itcast] WARNING: {'name': '康老师', 'title': '高级讲师', 'coment': '多年的项目研发与教学经验，具有丰富的企业级数据仓库和实时大数据开发经验。精通Greenplum等分布式关系型数据库，Hadoop大数据，Flink实时流计算等大数据软件开发及企业级数据仓库开发，曾供职于德邦公司、东风汽车子公司、宇信科技、易爱科技等企业，先后担任过高级软件开发工程师，项目架构师。参与开发完成包括BI-foss数仓系统，车联网云平台，中原银行大数据平台，外卖代运营平台等大型项目。重视将企业团队场景带入课堂，提升课堂参与度，引导培养编程思想，重视拓宽理论学习纵向与注重增强实践动手能力相结合。'}
2021-03-19 08:55:41 [myspider.spiders.itcast] WARNING: {'name': '孙老师', 'title': '高级讲师', 'coment': '拥有5年大数据项目开发经验，参与过千亿级数据项目，精通hive、spark、flink等大数据开发工具。对技术一直抱有很大的热情，喜欢研究各种新技术。主张快乐学习，由浅入深，让学生轻松掌握课堂上教学的知识。'}
2021-03-19 08:55:41 [myspider.spiders.itcast] WARNING: {'name': '张老师', 'title': '高级讲师', 'coment': '专注于亿级用户规模的大数据平台研发建设和研发，历任项目经理、高级专家、技术总监等职务，主导设计游戏一体化运营平台、通用大数据任务调度平台实现公司各部门集群资源共享、离线任务数据分析平台构建等，精通\xa0C/C++、C#、Hadoop、Scala、Spark、Flink等有深入研究。'}
2021-03-19 08:55:41 [myspider.spiders.itcast] WARNING: {'name': '江老师', 'title': '高级讲师', 'coment': '具有多年大数据项目开发实战经验，曾就职于上海天正智能，中铁信息等高新科技公司任大数据高级开发工程师职位，先后参与过东南大学水声实验室、佳通、SPDB等不同行业的大数据平台的开发及实施，一直从事于HPC、云计算及大数据平台的研发，拥有丰富的大数据开发经验，对数据仓库、实时大数据平台、数据挖掘等领域有较深的研究。'}
2021-03-19 08:55:41 [myspider.spiders.itcast] WARNING: {'name': '孟老师', 'title': '高级讲师', 'coment': '对Hadoop、Spark、Flink等大数据体系有深入研究，有丰富的离线计算和实时计算经验。曾主导及参与空军总部装备信息化系统、国家卫星气象中心FY3C地面监测系统、用户画像系统、分布式爬虫系统、BI系统、历史数据在线查询系统、采集系统等项目的开发。'}
2021-03-19 08:55:41 [myspider.spiders.itcast] WARNING: {'name': '张老师', 'title': '高级讲师', 'coment': '多年大数据技术经验，具有多年Hadoop、Flink、HBase、kafka、Redis、Flume、Spring Cloud等一线从业经验，先后服务于上交所、上海银行、中国邮政等，参与数据中心和电商平台的大数据及JAVA EE的平台设计和具体实施。'}
2021-03-19 08:55:41 [myspider.spiders.itcast] WARNING: {'name': '周老师', 'title': '高级讲师', 'coment': '曾任IBM项目经理，主导IBM Platform KPI BI系统开发、e-support全球PMR智能调度分发系统开发；曾任国内大型中间件供应商，项目经理，主导国内智能加油机供应商、大型锻造厂CRM、统一服务平台（ESB）项目研发、以及企业级BI项目。擅长Hadoop、Spark、Flink、Kylin、Druid等大数据技术有深入研究。'}
2021-03-19 08:55:41 [myspider.spiders.itcast] WARNING: {'name': '孔老师', 'title': '高级讲师', 'coment': '先后在途牛旅游网、卓望集团等公司担任过经理、架构师和总监等职务。擅长服务端的高可用及性能提升，熟悉常见的开源框架、微服务治理及海量数据性能优化。曾负责和参与途牛旅游网的超级自由行、资源搜索等项目；负责江苏移动的家庭网络电视平台架构等。'}
2021-03-19 08:55:41 [myspider.spiders.itcast] WARNING: {'name': '魏老师', 'title': '高级讲师', 'coment': '多年资深大数据开发工程师经验，先后涉足Java、大数据、云计算等领域，熟悉大数据服务开发与云计算平台开发，专注于互联网APP后台数据统计、分析、建模等流程；熟悉车辆网领域云计算平台开发，拥有丰富的企业级大数据应用架构及开发经验。'}
2021-03-19 08:55:41 [myspider.spiders.itcast] WARNING: {'name': '张老师', 'title': '高级讲师', 'coment': '多年移动端和Web软件研发经验，掌握C、OC、Swift、Html、JS、Python等多种编程语言, 曾供职于3G泡泡、华图教育、开源中国, 负责华图网校、@work、SoHoTask等产品的研发。'}
2021-03-19 08:55:41 [myspider.spiders.itcast] WARNING: {'name': '刘老师', 'title': '高级讲师', 'coment': '踏足软件开发多年，曾负责中国银行软件中心OA办公系统的设计与开发，曾担任某汽车互联网公司移动开发主管。精通html，css，js等前端技术；善于以实战驱动教学，注重课堂气氛，理论与实践紧密结合。'}
2021-03-19 08:55:41 [myspider.spiders.itcast] WARNING: {'name': '齐老师', 'title': '高级讲师', 'coment': '多年软件开发经验和丰富的教学经验,精通Python、PHP、Objective-C、Swift、MySQL等编程语言,主导并开发过海南移动惠生活、庆红汽车交易发布平台、微课网在线教育平台等项目,讲课富有激情、条理清晰，注重培养学生的学习能力。'}
2021-03-19 08:55:41 [myspider.spiders.itcast] WARNING: {'name': '盛老师', 'title': '高级讲师', 'coment': '具有多年软件开发经验，熟悉Java、Python、MySQL、html、css等编程语言，从事后端开发期间，搭建过多个Web网站的后端框架。具有高度的责任心，授课思路清晰，通俗易懂。'}
2021-03-19 08:55:41 [myspider.spiders.itcast] WARNING: {'name': '高老师', 'title': '高级讲师', 'coment': '多年Python相关研发教学经验，擅长Python、js、c等语言，具有全栈开发能力以及分布式系统开发经验。主要从事企业ERP、Web相关项目研发。具有多个大型项目从0到1的研发经验以及框架设计研发经验。'}
2021-03-19 08:55:41 [myspider.spiders.itcast] WARNING: {'name': '张老师', 'title': '高级讲师', 'coment': '统计学硕士,10年以上医疗行业软件研发与算法设计经验,担任算法工程师+高级软件工程师,精通python ,opencv,c++,php,react-native等,主要从事人脸检测,物体识别并建立相关医疗模型,具有医疗核心期刊发表过相应文章经历。'}
2021-03-19 08:55:41 [myspider.spiders.itcast] WARNING: {'name': '李老师', 'title': '高级讲师', 'coment': '多年软件开发和教学经验，精通C/C++，Python等编程语言，曾负责某电商推荐平台的设计研发及对接工作，对Web开发、大数据架构以及AI推荐算法的应用均有着深入的研究。授课思路清晰，深受学员好评。'}
2021-03-19 08:55:41 [myspider.spiders.itcast] WARNING: {'name': '秦老师', 'title': '高级讲师', 'coment': '计算机硕士研究生学历，10年研发和教学经验。熟悉Python、C/C++等语言，熟悉统计概率论、机器学习和深度学习算法模型底层原理，熟悉Power BI、Tableau等数据分析和挖掘工具，在机器学习、NLP和计算机视觉领域有丰富的经验。'}
2021-03-19 08:55:41 [myspider.spiders.itcast] WARNING: {'name': '赵老师', 'title': '高级讲师', 'coment': '曾参与舆情监控系统、快递柜管理系统、2B2C创业平台、车辆行驶监控系统的需求确定及研发.擅长Django/Flask后端开发,CICD可持续开发持续集成平台搭建.熟悉Python/C语言,全栈忠实的的践行者。'}
2021-03-19 08:55:41 [myspider.spiders.itcast] WARNING: {'name': '梅老师', 'title': '高级讲师', 'coment': '毕业于211院校,计算机专业,多年从事软件开发与测试工作,曾参与医疗,金融,购物等产品的开发,有丰富的P2P项目以及公司运营经验,熟悉公司开发流程,擅长Python、前端、iOS等编程开发。授课认真细致,通俗易懂,注重培养学生的学习能力。'}
2021-03-19 08:55:41 [myspider.spiders.itcast] WARNING: {'name': '陈老师', 'title': '高级讲师', 'coment': '计算机专业毕业，多年IT教育培训及多年开发经验，精通Python、C、OC、Swift等编程语言，主导过多个项目开发，社交、新闻、购物等APP和后端领域，注重移动端与后台接口交互体验。授课思路清晰明了，通俗易懂。'}
2021-03-19 08:55:41 [myspider.spiders.itcast] WARNING: {'name': '韦老师', 'title': '高级讲师', 'coment': '从事于互联网行业，具备多年软件开发与教学经验。精通C/C++、Python等编程语言。致力于Web服务器开发与性能调优。授课幽默风趣，深入浅出，干货满满，为人亲和有耐心，深受学员好评。\t\t\t\t\t'}
2021-03-19 08:55:41 [myspider.spiders.itcast] WARNING: {'name': '许老师', 'title': '高级讲师', 'coment': '十年Linux平台软、硬件开发经验，五年教学经验。拥有美国Intel多核多线程认证, ARM认证工程师资格证(AAE和AAME)。曾参与上海建设银行项目Unix安全及解决方案,263网络集团的大型企业邮箱系统开发。精通Linux内核驱动开发、C/C++、Python开发。'}
2021-03-19 08:55:41 [myspider.spiders.itcast] WARNING: {'name': '李老师', 'title': '高级讲师', 'coment': '硕士研究生，精通机器学习相关算法，SVM、决策树、随机森林以及深度学相关模型RCNN、SSD、YOLO等。有多个大型项目的开发经验，同时有丰富的教学经验，注重学生的理解和吸收。'}
2021-03-19 08:55:41 [myspider.spiders.itcast] WARNING: {'name': '张老师', 'title': '高级讲师', 'coment': '从程序员、技术主管到IT全栈讲师，有多年的一线开发经验和教学经验。擅长python、PHP+H5的全栈开发，运维、爬虫等'}
2021-03-19 08:55:41 [myspider.spiders.itcast] WARNING: {'name': '郭老师', 'title': '高级讲师', 'coment': '多年软件开发与教学经验，精通Python、Swift等编程语言，曾就职于金融界、精友集团，参与爱投顾，太平车险等项目开发。授课风格通俗易懂、思路清晰、接地气，注重培养学生独立解决问题的能力，对待学生耐心负责。'}
2021-03-19 08:55:41 [myspider.spiders.itcast] WARNING: {'name': '牛老师', 'title': '高级讲师', 'coment': '多年软件开发与It教育培训经验，精通 python、C/C++、Linux系统编程。熟悉常见的数据库系统，熟悉 HTML/css/js 等前端技术。具有高度的责任心，授课思路清晰，注重培养学生的学习能力，深受学生好评。'}
2021-03-19 08:55:41 [myspider.spiders.itcast] WARNING: {'name': '左老师', 'title': '高级讲师', 'coment': '多年的软件开发和教学经验，掌握Python、Java、Html、CSS、Vue等多种编程语言，任职某公司期间，参与多款项目的设计和研发，对Web开发和爬虫开发有深入的理解，授课幽默风趣，深入浅出，深受学员好评。'}
2021-03-19 08:55:41 [myspider.spiders.itcast] WARNING: {'name': '王老师', 'title': '高级讲师', 'coment': '8年软件开发、管理与教学经验，资深软件开发工程师，项目经理。曾任职于多家互联网软件开发公司，在近几十个大中小型系统中担任软件开发工程师和项目负责人。熟悉python、c/c++、pascal语言，熟悉windows和linux操作系统下的软件开发。\r\n\r\n\r\n'}
2021-03-19 08:55:41 [myspider.spiders.itcast] WARNING: {'name': '史老师', 'title': '高级讲师', 'coment': '多年的软件开发与IT教学经验,精通C/C++,Python、Java等开发语言.从事金融,电商类后端开发多年,对后端开发有深入研究 .授课认真细致,由浅入深,注重培养学生的学习能力和解决问题的能力。\t'}
2021-03-19 08:55:41 [myspider.spiders.itcast] WARNING: {'name': '江老师', 'title': '高级讲师', 'coment': '多年研发经验和教学经验。精通Linux操作系统各种应用开发，精通C/C++、Python语言编程，对GTK+、Qt等图形界面编程有深入研究，精通网络编程，交换机、路由器、TCP/IP协议栈等。拥有丰富授课及培训技巧，讲课幽默生动有趣，深入浅出。'}
2021-03-19 08:55:41 [myspider.spiders.itcast] WARNING: {'name': '朱老师', 'title': '高级讲师', 'coment': '大连理工大学计算机硕士毕业，专注于机器学习，操作系统，推荐，深度学习领域。曾就职于人工智能创业公司，百度公司，任算法高级工程师。对CV，NLP，风控，强化学习，C++，Python等领域技术有深入研究和项目经验。为人幽默喜气，深受学生欢迎。'}
2021-03-19 08:55:41 [myspider.spiders.itcast] WARNING: {'name': '惠老师', 'title': '高级讲师', 'coment': '多年软件开发经验和丰富的教学经验，先后在多家公司担任团队技术负责人。熟悉Python、C、Objective-C、Swift等编程语言,带领团队开发出《利安社区》《荣华果园》《爱遇》《WinShop》等。授课风趣幽默，善于引导学生主动思考问题。\t\t\t\t\t\t\t'}
2021-03-19 08:55:41 [myspider.spiders.itcast] WARNING: {'name': '杨老师', 'title': '高级讲师', 'coment': '有丰富项目开发架构经验，曾任职某网络安全公司，参与过多个政府部门的安全项目，熟悉C/C++、Python，shell等编程语言，熟悉linux系统编程，数据库等，精通Python爬虫、数据分析、自动化、自动化测试开发。'}
2021-03-19 08:55:41 [myspider.spiders.itcast] WARNING: {'name': '原老师', 'title': '高级讲师', 'coment': '北京大学电子与通信工程硕士, 多年开发经验,熟悉web后端,移动端, 大数据, 机器学习等技术, 精通java python等常用开发语言,在多家软件公司担任高级工程师, 项目经理, 有新浪微博,中新网新闻发布系统等多个大型项目经验。'}
2021-03-19 08:55:41 [myspider.spiders.itcast] WARNING: {'name': '姚老师', 'title': '高级讲师', 'coment': '一线爬虫系统开发数据采集经验。熟悉html/css/javascript、jquery库、ajax等，精通python、golang。擅长Linux下Python爬虫开发、数据采集解析。对selenium、appium自动化有深入研究。'}
2021-03-19 08:55:41 [myspider.spiders.itcast] WARNING: {'name': '张老师', 'title': '高级讲师', 'coment': '硕士研究生学历，具有多年的编程工作经验。研究生期间主要研究算法优化，熟悉常用算法模型底层原理。做过数据挖掘，推荐系统等相关工作。专注于人工智能、机器学习、深度学习相关方面的应用研究。授课幽默风趣，注重学员反馈吸收。'}
2021-03-19 08:55:41 [myspider.spiders.itcast] WARNING: {'name': '邢老师', 'title': '高级讲师', 'coment': '10年Linux平台互联网开发经验，业界资深讲师。精通Linux内核开发、内核系统移植、ARM SOC体系结构设计、C/C++、Python、Javascript、LISP、ARM/X86汇编等编程语言，全栈工程师对计算机原理从上到下融会贯通。'}
2021-03-19 08:55:41 [myspider.spiders.itcast] WARNING: {'name': '赵老师', 'title': '高级讲师', 'coment': '多年开发与IT教学经验，精通Python、MySQL、HTML、CSS、JavaScript等编程语言。技术纯熟，项目经验丰富。授课风趣幽默，以不同的授课风格打破代码课程对学生的常规束缚，引导不同基础的学生日有所长。'}
2021-03-19 08:55:41 [myspider.spiders.itcast] WARNING: {'name': '李老师', 'title': '高级讲师', 'coment': '从事企业项目研发多年, 精通Python、Java、Objective-C、js 等编程语言，主导与参与开发项目和框架有: 投研ETL, 金融风控系统, 业务提醒平台和ACL权限控制框架等;\xa0授课思路清晰,\xa0善于引导学生主动思考问题。'}
2021-03-19 08:55:41 [myspider.spiders.itcast] WARNING: {'name': '汤老师', 'title': '高级讲师', 'coment': '10年软件开发经验，6年Python开发经验，曾就职于多家一线互联网企业，先后从事过Web开发、DevOps、测试、数据分析等相关工作，曾担任架构师、技术总监等职位。有分布式、高并发的实战经验。授课风趣幽默，擅长举例来说明知识中的难点痛点。'}
2021-03-19 08:55:42 [myspider.spiders.itcast] WARNING: {'name': '刘老师', 'title': '高级讲师', 'coment': '硕士研究生学历，精通Linux、Shell、Python语言，熟练掌握vue，html，css，js等前端开发语言，多年从事于互联网行业，具备丰富的DevOPS自动化运维的项目开发经验。对Docker、Kubernetes等云原生技术有深入研究，讲课深入浅出，乐于钻研分享，注重引导学生。'}
2021-03-19 08:55:42 [myspider.spiders.itcast] WARNING: {'name': '王老师', 'title': '高级讲师', 'coment': '毕业于山东大学，计算机硕士。具有10年项目开发、项目管理经验，任事业部技术总监，长期一线项目经理。主持开发过的项目涉及银行、政府等应用领域。多年企业内训培训师，讲课深入浅出，深受学生和企业员工的好评。'}
2021-03-19 08:55:42 [myspider.spiders.itcast] WARNING: {'name': '辛老师', 'title': '高级讲师', 'coment': '10年软件研发、项目管理与教学经验，曾先后担任过项目经理、架构师、CTO等职位。主导研发超过6个以上大型项目与平台。精通JavaEE相关技术，尤其是当前流行的框架技术(SSM,SSH,Dubbo,Elasticsearch,Solr,FastDFS,FreeMarker,SpringBoot,SpringCloud,各种MQ)等。'}
2021-03-19 08:55:42 [myspider.spiders.itcast] WARNING: {'name': '谢老师', 'title': '高级讲师', 'coment': '多年软件开发与IT教育培训经验，精通Python、C/C++、MySQL编程语言.授课激情澎湃, 深入浅出，幽默风趣将枯燥的知识以通俗的方式展现，深受学生好评。'}
2021-03-19 08:55:42 [myspider.spiders.itcast] WARNING: {'name': '杨老师', 'title': '高级讲师', 'coment': '6年以上软件开发经验和丰富的授课经验，精通Python、Android编程语言，对Python、Android开发有深入的研究和理解,曾任职于安智网、58同城等企业，参与过中国地产、安智市场、同城网项目开发，讲课富有激情、深入浅出，注重培养学生的学习能力。\r\n'}
2021-03-19 08:55:42 [myspider.spiders.itcast] WARNING: {'name': '王老师', 'title': '高级讲师', 'coment': '多年一线的运维工作经验，擅长linux运维、Web集群架构、云计算。作为中国区DevOps master,对自动化运维、Docker+kubernetes集群、云计算等主流的运维知识都有深入的研究。以轻松快乐的课堂气氛深受学员的青睐。'}
2021-03-19 08:55:42 [myspider.spiders.itcast] WARNING: {'name': '王老师', 'title': '高级讲师', 'coment': '从事设计行业10余年，OSTA认证设计师，精通PS/C4D/AI/CDR/3DSMAX/ID ,在广告、印刷、网页及UI设计领域有丰富的项目经验，并有多年的教学经验，已成功将数千名不甘平庸者送上了设计师的岗位。'}
2021-03-19 08:55:42 [myspider.spiders.itcast] WARNING: {'name': '李老师', 'title': '高级讲师', 'coment': '拥有8年设计经验，艺术设计专业出身。涉及领域包括UI设计、网站设计、平面印刷广告、包装设计、手绘、VI设计等。曾为武汉理工孵化器、中国语料库等知名企业设计VI视觉识别系统，进行企业品牌推广。具备多年的网页与APP项目开发经验。'}
2021-03-19 08:55:42 [myspider.spiders.itcast] WARNING: {'name': '方老师', 'title': '高级讲师', 'coment': '2003年进入设计行业，长期奋斗在广深莞等城市的一线设计和设计管理岗位。曾在深圳SML、创维电视、华润集团等公司担任设计师。2009年进入培训行业，后担任东莞市成人文化技术学校设计学科教学总监。一直以“传道，授业，解惑，”作为自己的职业座右铭。'}
2021-03-19 08:55:42 [myspider.spiders.itcast] WARNING: {'name': '刘老师', 'title': '高级讲师', 'coment': '10余年设计行业经验，精通UI行业相关技术。前Appconomy高级交互设计师、Neusoft高级UI设计师。曾服务过家乐福、美的、东航等大型企业。主导设计的津津会员卡APP，曾获得中国电子学会全国移动互联网应用大赛一等奖，并收录在书籍《融合时代》中。'}
2021-03-19 08:55:42 [myspider.spiders.itcast] WARNING: {'name': '马老师', 'title': '高级讲师', 'coment': '进入互联网工作8年，对设计有独特见解。具备丰厚的商业绘画及多年教学经验。在创意广告、印刷、网页设计等有较突出的表现，在阿噗网、路客等平台有相关设计经验，原创插画刊登于多家时尚杂志。在授课中，将项目分解与真实工作场景结合，深受学员爱戴。'}
2021-03-19 08:55:42 [myspider.spiders.itcast] WARNING: {'name': '金老师', 'title': '高级讲师', 'coment': '9年专注于设计和教学研究工作，曾任多家设计公司首席设计师。对设计有独特的见解，具备丰厚的绘画经验。多次受邀大型活动、展会现场作画。受邀参与设计的单位有：cctv纪录片频道、湖南省人民政府、北京世通华纳控股集团、北京完美动力动画学院等。'}
2021-03-19 08:55:42 [myspider.spiders.itcast] WARNING: {'name': '许老师', 'title': '高级讲师', 'coment': '10年设计行业经验，国内知名讲师。注重理论与实践结合，课堂气氛活跃。曾服务过国内外大型企事业单位，如：中国电信、蚂蚁金服、伯俊软件、义信电子商务等，有较丰富项目实战经验。名师寄语：“你负责努力，剩下的交给老师”。'}
2021-03-19 08:55:42 [myspider.spiders.itcast] WARNING: {'name': '杨老师', 'title': '高级讲师', 'coment': '13年视觉设计经验。曾担任网页设计师，负责网页、动画、代码等设计曾从事数字互动设计，带领团队拿下华为、中兴等大型项目，团队作品荣获OneShow金铅笔奖;专注于智能硬件APP设计、擅长电商、UI等视觉设计，对摄影颇有研究。网页设计师联盟专访设计师。'}
2021-03-19 08:55:42 [myspider.spiders.itcast] WARNING: {'name': '丛老师', 'title': '高级讲师', 'coment': '15年的设计经验，涉及领域包括网站交互、品牌形象以及工艺美术设计等。服务客户：腾讯、阿里巴巴、网易、新浪、宝马等，执行及管理的项目多达数千项。擅长商业美术应用、建站交互分析、创意构思及表现。独具匠心的谐星式教育风格深受学生喜爱。 '}
2021-03-19 08:55:42 [myspider.spiders.itcast] WARNING: {'name': '梁老师', 'title': '高级讲师', 'coment': '从事艺术设计类行业10余年，毕业于广西师范大学美术学院。曾在知名广告公司担任设计总监要职，项目实战经验丰富，主要从事品牌Ⅵ设计及推广、平面设计、电商设计，旅游项目策划等。2015年投身教育事业，春风化雨、桃李争艳。'}
2021-03-19 08:55:42 [myspider.spiders.itcast] WARNING: {'name': '闫老师', 'title': '高级讲师', 'coment': '拥有7年的设计经验，视觉传达设计专业。精通photoshop、Axure、illusstrator等常用设计软件，熟练Html，CSS等前端技术。曾创办独立设计工作室。授课风格幽默，思路清晰。时常告诫学生莫忘设计初心，才能方得始终！'}
2021-03-19 08:55:42 [myspider.spiders.itcast] WARNING: {'name': '刘老师', 'title': '高级讲师', 'coment': '从事设计行业8年多，对平面设计、电商设计、UI设计和网站设计都有深入研究，曾就职于河北联合资讯、长城汽车集团、唯众良品等多家互联网公司。从事教学工作后曾在蓝科教育科技有限公司，爱迪尔教育科技，千锋互联科技等担任教学工作。'}
2021-03-19 08:55:42 [myspider.spiders.itcast] WARNING: {'name': '彭老师', 'title': '高级讲师', 'coment': '10多年设计从业经验，美术学院设计专业出身。精通C4D、3DSMAX、MAYA等三维软件。4年游戏行业设计与开发经验，精通三维建模和各种风格游戏贴图绘制，带领团队服务过的大牛游戏公司有：腾讯、EA等。研发成果：Cinema 4D基础与进阶课程。'}
2021-03-19 08:55:42 [myspider.spiders.itcast] WARNING: {'name': '岳老师', 'title': '高级讲师', 'coment': '有7年互联网UI设计经验，毕业于天津美术学院。曾就职于繁星优选，健康界，社区半径，担任UI  UE设计师，独立负责移动端产品的视觉和交互。'}
2021-03-19 08:55:42 [myspider.spiders.itcast] WARNING: {'name': '刘老师', 'title': '高级讲师', 'coment': '10年设计及管理经验。毕业于东北师范大学，美术学院视觉传达专业。美术功底深厚，擅长品牌形象设计、字体设计、网页和包装设计及LOGO设计。曾服务于中国疾控、塔塔数据、现代传播集团、新奥集团、太湖金张等国内外知名企事业单位。'}
2021-03-19 08:55:42 [myspider.spiders.itcast] WARNING: {'name': '吴老师', 'title': '高级讲师', 'coment': '有近7年IT工作设计经验，美术科班出身。曾在万科、腾讯等知名企业担任设计骨干，对项目设计流程和对接需求方颇有心得。有插画、移动端、PC端、后台等丰富的设计经验。始终坚持以用户为中心，有理有据的设计理念。 '}
2021-03-19 08:55:42 [myspider.spiders.itcast] WARNING: {'name': '赵老师', 'title': '高级讲师', 'coment': '9年设计行业经验，曾任职联想、万达、帕布洛、台湾普林斯顿等国内外集团负责线上店铺设计。参加过全国“关注自闭症儿童”“红丝带”等公益活动的设计工作；开设“银河漫游”“设计一族联盟”工作室，为几十家线上店铺提供服务。在电商的设计运营方面有极高的造诣。'}
2021-03-19 08:55:42 [myspider.spiders.itcast] WARNING: {'name': '李老师', 'title': '高级讲师', 'coment': '8年以上从业及教学经验，艺术类硕士，多次参与设计世界500强的品牌视觉设计并担任美术指导。在互联网公司，曾担任手持机UI设计组长，对广告品牌与UI设计擅长，热衷于探索当前最新设计趋势。设计经历与教学经验丰富。'}
2021-03-19 08:55:42 [myspider.spiders.itcast] WARNING: {'name': '曾老师', 'title': '高级讲师', 'coment': '从事设计行业7年，精通多种设计软件。曾在广告公司担任设计师及设计总监。服务企业有深圳海洋局、招商地产、香港珠宝、华润集团等。2012年投身教育事业，深受广大学员爱戴。'}
2021-03-19 08:55:42 [myspider.spiders.itcast] WARNING: {'name': '雷老师', 'title': '高级讲师', 'coment': '8年多设计行业经验，ACAA高级视觉设计师，动漫设计专业。跨平台多领域，擅长创意视觉设计、品牌设计、吉祥物、插画创意设计等。曾参与GE全球能源10周年活动设计，亚马逊Kindle视觉宣传活动，乐生活APP界面设计等。研发成果：树熊书屋、快马巴士等。'}
2021-03-19 08:55:42 [myspider.spiders.itcast] WARNING: {'name': '许老师', 'title': '高级讲师', 'coment': '近10年互联网UI设计经验，毕业于多媒体设计专业。曾先后任职于太平洋网络、91手机助手、腾讯大粤网等互联网公司，主导的项目服务千万级用户，精通UI界面及交互设计、用户体验研究。'}
2021-03-19 08:55:42 [myspider.spiders.itcast] WARNING: {'name': '王老师', 'title': '高级讲师', 'coment': '5年互联网设计工作经验，美术专业科班出身。曾负责随手记产品改版设计，在一个月内取得过千万的业务流水。有着丰富的移动端产品设计以及提升用户体验的设计经验，擅长移动端APP设计，运营设计，手绘插画，WEB设计。'}
2021-03-19 08:55:42 [myspider.spiders.itcast] WARNING: {'name': '谭老师', 'title': '高级讲师', 'coment': '14年互联网设计经验，首批移动互联网UI设计师，知名WEB设计师，对视觉设计、平面设计、界面设计、体验设计、交互设计、动画制作、影视后期等多方面有研究。曾主导腾讯、小米、IBM、路虎汽车、湖南卫视、上海世博会等500强企业互联网项目。'}
2021-03-19 08:55:42 [myspider.spiders.itcast] WARNING: {'name': '薛老师', 'title': '高级讲师', 'coment': '从事设计工作8年多，精通界面、产品、交互、图标设计等技巧和项目流程。曾任职于中国网库、优酷、银讯等多家大型互联网公司，主导完成过114平台、来疯直播现代ix35、北汽M20等项目设计。教育行业从业3年多，拥有丰富的行业实战经历和授课经验，深受学员喜爱。\t\t'}
2021-03-19 08:55:42 [myspider.spiders.itcast] WARNING: {'name': '郭老师', 'title': '高级讲师', 'coment': '11年视觉设计工作经验，精通PS、AI、AE、CDR、C4D等设计类软件；掌握互联网多平台视觉与交互设计；服务过的企业包括民航、蓝色光标、百度、360、58、UC优视等。从事教学工作6年,积累了丰富教学经验,授课温和细心,通俗易懂。'}
2021-03-19 08:55:42 [myspider.spiders.itcast] WARNING: {'name': '张老师', 'title': '高级讲师', 'coment': '10余年广告、传媒行业设计及管理经验，国家职业生涯规划师，艺术专业出身。从事领域涵盖集邮、礼品、收藏品等；服务客户：中国集邮、中国金币、学而思、江河集团等大型企业。秉持360度为学生还原真实工作场景，体验式教学。'}
2021-03-19 08:55:42 [myspider.spiders.itcast] WARNING: {'name': '赵老师', 'title': '高级讲师', 'coment': '拥有7年设计工作经验，毕业于艺术设计专业。精通PS、AI、AE、C4D等多种设计软件，并熟悉HTML、CSS等网页设计。从事教育行业多年，积累了大量的教学经验，在平面设计、电商设计、网页设计、UI设计等方面有丰富的教学经验。认真负责，有耐心，注重学员学习习惯的培养。'}
2021-03-19 08:55:42 [myspider.spiders.itcast] WARNING: {'name': '李老师', 'title': '高级讲师', 'coment': '场景式教学倡导者，10余年一线美术设计经验，在交互设计、视觉传达以及美术史论等方向有深入研究。尤其在美术设计教学领域具备多年课程体系研发经验，对于设计类岗位需求动态具备敏锐洞察力，独立研发的艺术设计课程在多个高校被作为核心教学内容。'}
2021-03-19 08:55:42 [myspider.spiders.itcast] WARNING: {'name': '杨老师', 'title': '高级讲师', 'coment': '8年的设计经验，长期奋斗在北京电商服务设计岗位，曾为阿里巴巴多家商家做设计及运营培训，专注天猫、淘宝、京东等第三方平台设计及运营，精通PS/AI/ID/CDR/C4D等设计软件。课堂风趣幽默，对待学生认真负责，耐心引导，条理清晰，深受学生的喜爱。'}
2021-03-19 08:55:42 [myspider.spiders.itcast] WARNING: {'name': '高老师', 'title': '高级讲师', 'coment': '13年设计工作经验。国内设计色彩搭配知名博主、Adobe认证讲师。擅长软件：Photoshop、Illustrator、CorelDRAW、Sketch、AxureRP、C4D、Principle等。服务过的部分知名客户：欧莱雅、万科地产、嘉顿食品、宝马、阿里巴巴、新浪网、福特汽车等。'}
2021-03-19 08:55:42 [myspider.spiders.itcast] WARNING: {'name': '李老师', 'title': '高级讲师', 'coment': '11年IT从业经验。先后担任搜房网、大楚网等知名企业设计总监。精通平面、UI、数据可视化。熟悉用户界面的各种交互细节、用户心理、组件设计。课上风趣幽默，善于与学员沟通，。课后对学员的实验落实情况追踪严格。用“业精于勤”的思想勉励着每个学员。'}
2021-03-19 08:55:42 [myspider.spiders.itcast] WARNING: {'name': '薛老师', 'title': '高级讲师', 'coment': '10年设计从业及教学经验，曾担任过多家企业的高级设计师、设计总监等职务，有丰富的平面媒体、成熟的网站及移动端项目设计经验。先后任职于惠普中国、上海美术电影制片厂、中国工商银行等企业。教学经验丰富、技术精湛、工作认真深受学员喜爱。\r\n'}
2021-03-19 08:55:42 [myspider.spiders.itcast] WARNING: {'name': '李老师', 'title': '高级讲师', 'coment': '从事软件开发和软件测试开发10年，精通Java、Python编程语言，曾参与多个大型项目的研发工作。擅长Web项目开发、自动化测试及测试平台的搭建，教学风格严谨，认真负责。'}
2021-03-19 08:55:42 [myspider.spiders.itcast] WARNING: {'name': '朱老师', 'title': '高级讲师', 'coment': '8年以上软件测试及项目管理经验，能熟练运用Python等编程语言，擅长功能测试，接口测试，及自动化测试，能够通过丰富的项目实战经验激发学生学习兴趣，培养学生独立思考和解决问题的能力。具有国家（高级）信息系统项目管理师认证、ACP认证。'}
2021-03-19 08:55:42 [myspider.spiders.itcast] WARNING: {'name': '许老师', 'title': '高级讲师', 'coment': '10年以上软件测试开发、质量管理、项目管理经验，熟练使用java、python开发语言，擅长功能测试、接口测试、自动化测试、性能测试等；具有丰富的教学经验，授课幽默风趣，能积极调动学员的积极性。'}
2021-03-19 08:55:42 [myspider.spiders.itcast] WARNING: {'name': '刘老师', 'title': '高级讲师', 'coment': '多年测试开发工作经验，在多家互联网公司担任测试负责人，具有丰富的移动端、Web端、社交、直播类、SAAS类产品测试经验。多年自动化测试框架设计及实践经验，擅长敏捷测试、性能测试及质量体系的搭建分析。授课风格严谨细致。'}
2021-03-19 08:55:42 [myspider.spiders.itcast] WARNING: {'name': '刘老师', 'title': '高级讲师', 'coment': '从事软件开发和软件测试10年, 熟悉软件项目开发和软件测试流程；熟悉多种测试环境搭建，熟练操作数据库，熟悉Java、Python、H5语言，对Web端自动化测试、接口测试有着丰富经验积累，并有丰富企培、校企合作专业领域培训经验。'}
2021-03-19 08:55:42 [myspider.spiders.itcast] WARNING: {'name': '肖老师', 'title': '高级讲师', 'coment': '10年测试经验，擅长系统测试、自动化测试、测试开发，熟悉selenium、appium等自动化测试框架，以及jmeter、loadrunner等性能测试工具。曾参与过公安部网络安全产品测试交付、华为4G网络设备测试交付、腾讯QQ空间APP产品测试交付。拥有丰富的web、APP、嵌入式等各种产品测试经验。'}
2021-03-19 08:55:42 [myspider.spiders.itcast] WARNING: {'name': '张老师', 'title': '高级讲师', 'coment': '8年软件测试及项目管理经验，曾任职于蔚来汽车研发部门，在大型电商公司负责测试平台开发，测试管理工作；参与测试的项目有互联网出行，电子商务等，拥有丰富的Java和Python语言经验，有性能测试、自动化测试及测试平台的开发经验。'}
2021-03-19 08:55:42 [myspider.spiders.itcast] WARNING: {'name': '刘老师', 'title': '高级讲师', 'coment': '7年软件项目开发和测试经验；精通C、Python、oracle数据库、linux服务器、网络环境等；参与过多个大型项目的性能测试，擅长性能测试方案设计，性能测试结果分析以及调优。授课风格富有激情，有感染力，课堂气氛活跃，对学员认真负责，广受好评。'}
2021-03-19 08:55:42 [myspider.spiders.itcast] WARNING: {'name': '韩老师', 'title': '高级讲师', 'coment': '10年软件测试工作以及管理经验。\r\n有丰富质量体系管理经验，有丰富Web自动化测试、接口测试、性能测试以及测试小工具研发实践经验，熟悉.net、VBScript、java、python等语言。\r\n上课语言通俗易懂，内容丰富，真诚对待每一位学员。'}
2021-03-19 08:55:42 [myspider.spiders.itcast] WARNING: {'name': '何老师', 'title': '高级讲师', 'coment': '计算机专业毕业,从事多年软件开发与测试工作,精通Python,C/C++,Linux系统,前端等编程语言,\r\n熟悉公司开发和测试流程,曾参与航天和军工系开发及软件测试,擅长功能测试和web接口测试等自动化测试.\r\n教学经验丰富,授课认真细致,思路清晰明了,通俗易懂。'}
2021-03-19 08:55:42 [myspider.spiders.itcast] WARNING: {'name': '朱老师', 'title': '高级讲师', 'coment': '15年以上的软件测试及开发经验、有大型软件项目设计和团队管理经验。精通测试与开发技术，精通MySQL、Oracle、SQLServer等关系数据库。讲课深入浅出，将复杂理论转化为通俗易懂的语言，深受学生的好评。'}
2021-03-19 08:55:42 [myspider.spiders.itcast] WARNING: {'name': '王老师', 'title': '高级讲师', 'coment': '人民大学新闻传播学专业毕业，多年出版社新媒体采编经验，年产文字量20W+，有极强的文案及采编能力。2年上市公司新媒体运营总监经验，500强企业特约职业规划师。运营过百万级账号，熟练掌握各新媒体平台的推广及增长方法。'}
2021-03-19 08:55:42 [myspider.spiders.itcast] WARNING: {'name': '王老师', 'title': '高级讲师', 'coment': '致力于网站策划运营、网络营销推广SEM/SEO、淘宝SEO、QQ群优化、数据分析等媒体方面的研究与实践五年有余，经验丰富。在多家高热度网站拥有个人专栏，为众多互联网从业人员提供免费职业辅导和工作指导，拥有忠实粉丝圈，口碑在业界广为人知。'}
2021-03-19 08:55:42 [myspider.spiders.itcast] WARNING: {'name': '李老师', 'title': '高级讲师', 'coment': '多年互联网实战经验，帮助10+家企业实现媒体矩阵搭建，擅长把握用户心理，策划执行活动近300场，创造了1000万+的业绩。熟练掌握各种推广渠道及推广方法，迅速提供新媒体版块解决方案，用互联网工具，达到推广营销的目的。\t'}
2021-03-19 08:55:42 [myspider.spiders.itcast] WARNING: {'name': '张老师', 'title': '高级讲师', 'coment': '多年互联网产品运营策划经验，掌握产品各环节运营方法。曾参加两家初创公司，擅长产品的冷启动，从0到1做用户精细化运营。曾以用户为中心，满足对产品的需求，使产品在三个月内用户增长23万。'}
2021-03-19 08:55:42 [myspider.spiders.itcast] WARNING: {'name': '刘老师', 'title': '高级讲师', 'coment': '拥有6年的互联网新媒体运营经验，对文字营销和视频营销有着独到的见解，为上百家企业做过新媒体营销策划方案，创造多款拥有传播力的文章和热门视频。曾用2个月的时间孵化出0到200万粉丝的种草推荐类短视频账号，对热点事件极具敏感性，网感强。擅长讲故事，脱口秀，授课方式轻松幽默。\t\t\t\t\t\t\t'}
2021-03-19 08:55:42 [myspider.spiders.itcast] WARNING: {'name': '高老师', 'title': '高级讲师', 'coment': '网络营销实战型专家，11年互联网营销及网站运营经验，4年网络营销服务团队管理经验。精通社会化媒体及新媒体营销，曾服务过数百家B2B门户网站。擅长运用互联网思维，辅以经典案例，以理论+实践深入浅出的授课。'}
2021-03-19 08:55:42 [myspider.spiders.itcast] WARNING: {'name': '吴老师', 'title': '高级讲师', 'coment': '互联网行业从业十多年，曾任网站和电子杂志主编、市场营销主管、媒介主管、文案策划主管，文案策划、市场营销、网站运营和媒介监测经验丰富。曾主导腾讯游戏发布、腾讯动漫整体媒介营销、设计行业大赛策划和运营。'}
2021-03-19 08:55:42 [myspider.spiders.itcast] WARNING: {'name': '陈老师', 'title': '高级讲师', 'coment': '曾任互联网公司新媒体运营总监，网络营销经理；在服装零售、在线教育、家政服务、美容医疗等行业十余家中小企业制定运营战略和规划推广方案；曾编著出版了5本互联网运营行业相关书籍成为多家院校专业教材，深受读者青睐。'}
2021-03-19 08:55:42 [myspider.spiders.itcast] WARNING: {'name': '梁老师', 'title': '高级讲师', 'coment': '7年互联网营销推广工作经验，对互联网+新营销有独到的见解和认知，曾为中国移动，中国电信，爱立信一线运营部进行营销培训，擅长以营销思维和锋利的创意解决问题。讲课风格循序渐进，让受训学员看得见、摸得着、体验得到的亲民教学，落到实处。\r\n'}
2021-03-19 08:55:42 [myspider.spiders.itcast] WARNING: {'name': '朱老师', 'title': '高级讲师', 'coment': '多年互联网新媒体运营经验，具有多个行业从0到1搭建新媒体矩阵案例，掌握各渠道推广规则及方法。曾运营多个超百万级粉丝公号平台，十万+爆款缔造者，曾多次在2月内打造不同行业的百万抖音粉丝账号，用极低的成本获得客单价。'}
2021-03-19 08:55:42 [myspider.spiders.itcast] WARNING: {'name': '骆老师', 'title': '高级讲师', 'coment': '前金山WPS Office 新媒体负责人，原一招新媒体教学主管、课程研究、王牌讲师，8年互联网、7年新媒体运营。一招新媒体北京大学万人课发起人，《一招成名》策划。金山8000余万量级新媒体矩阵统筹；0到200万搭建、运营一招新媒体社群。金山新媒体一年销售额增长125%。'}
2021-03-19 08:55:42 [myspider.spiders.itcast] WARNING: {'name': '王老师', 'title': '高级讲师', 'coment': '毕业于中国科学院大学，硕士学位，有国外留学经历。拥有多年的产品从业经验，从事行业包括"互联网金融"、"互联网教育"、"电商"等领域。有产品运营、数据分析、销售管理等工作经验，对于产品设计、体验、交互、项目管理等有很强的理解。善于引导学生思考，激发学习兴趣。'}
2021-03-19 08:55:42 [myspider.spiders.itcast] WARNING: {'name': '陈老师', 'title': '高级讲师', 'coment': '互联网行业从业近十年，从事过开发和产品工作。任职过跨境电商、社交、内容付费、早教等诸多领域，其中不乏互联网独角兽企业，同时在C端和B端产品均有多年实战经验。擅长产品战略规划、产品设计、交互设计、数据分析等方向。'}
2021-03-19 08:55:42 [myspider.spiders.itcast] WARNING: {'name': ' 金老师', 'title': '高级讲师', 'coment': '7年互联网产品从业经验，涉足金融、社交、工具、内容等多个领域，策划过多款百万级用户的产品。擅长产品策划、产品运营、项目管理、数据分析等，对产品策划和产品运营有深入的理解。'}
2021-03-19 08:55:42 [myspider.spiders.itcast] WARNING: {'name': '孙老师', 'title': '高级讲师', 'coment': '近10年的互联网产品研发和团队管理工作经历，曾担任工信部教育产品及企业大型电商产品负责人，高校客座讲师和大学生创新创业大赛评委，对产品的设计、交互、数据分析、用户增长等拥有资深造诣和分享经验，对教育、电商、金融等行业领域有深刻研究。'}
2021-03-19 08:55:42 [myspider.spiders.itcast] WARNING: {'name': '王老师', 'title': '高级讲师', 'coment': '深圳大学MBA，创业指导老师，十年产品需求设计及教育培训经验，曾就职于用友、金蝶、国泰安教育、平安科技等企业。精通产品规律，对ERP、SaaS/PaaS、大数据、VR、AI、智能硬件等多个产品领域，主导了十余款产品的完整功能设计。'}
2021-03-19 08:55:42 [myspider.spiders.itcast] WARNING: {'name': '曹老师', 'title': '高级讲师', 'coment': '近十年产品经理一线实战经验，涉足电商、新闻、医疗等行业。服务过京东、当当等知名电商公司以及世界五百强央企中化集团，并主导多次从零到一项目成功上线。对需求调研、分析竞品、产品生命周期、策略研究和数据决策有深入的研究。'}
2021-03-19 08:55:42 [myspider.spiders.itcast] WARNING: {'name': '张老师', 'title': '高级讲师', 'coment': '多年产品经理实战经验，曾为大型B端公司及数家旅游等公司从0到1搭建企业运营系统、中大型企业CRM，对企业级应用的产品规划、需求分析、产品设计、项目实施有较深刻的理解。'}
2021-03-19 08:55:42 [myspider.spiders.itcast] WARNING: {'name': '范老师', 'title': '高级讲师', 'coment': '七年产品经理一线实战经验，涉足内容、社交、搜索、教育等多个领域，负责过百万量级的用户产品。服务过百度、好未来、vipkid等一线互联网企业，主导项目从零到一上线。对零基础进入互联网领域的学员有独特的教法教学。'}
2021-03-19 08:55:42 [myspider.spiders.itcast] WARNING: {'name': '连老师', 'title': '高级讲师', 'coment': 'BAT大厂产品，创业公司合伙人；从0到1实现公司产品月营收数千万，既熟悉大公司集团化产品矩阵，又擅长小团队产品打法，对数据产品，中台产品，增长产品，AI产品有深入研究和丰富经验。'}
2021-03-19 08:55:42 [myspider.spiders.itcast] WARNING: {'name': '王老师', 'title': '高级讲师', 'coment': '资深DevOps运维开发工程师，10年以上Linux平台开发与大型项目架构经验。精通C/C++，Shell，PHP，Python等编程语言以及MySQL、Oracle、SQLServer等关系型数据库。热衷Linux技术的解决方案，上课风趣幽默，语言通俗易懂。'}
2021-03-19 08:55:42 [myspider.spiders.itcast] WARNING: {'name': '唐老师', 'title': '高级讲师', 'coment': '十年以上运维工作经验，容器化应用布道者，曾就职于易网新动力，担任云计算架构师。擅长Linux云计算平台架构设计、容器化应用实践等等。热衷于新兴运维技术（智能运维、边缘计算等）研究，上课风趣幽默，教学认真负责，广受学员喜爱。'}
2021-03-19 08:55:42 [myspider.spiders.itcast] WARNING: {'name': '贾老师', 'title': '高级讲师', 'coment': 'DevOps运维开发工程师，多年一线运维管理及运维开发经验，曾就职于纳斯达克上市企业中网在线NASDAQ(CNET)。上课风趣幽默，理论与实践操作相结合，注重学员能力培养，擅长Linux企业级项目架构设计（集群架构、高并发、服务器性能优化）、Web安全防护、Python运维开发等方向。'}
2021-03-19 08:55:42 [myspider.spiders.itcast] WARNING: {'name': '李老师', 'title': '高级讲师', 'coment': '十多年运维与一线教学经历，运维架构师，IT讲师教学网发起人。经历了从rhel5到rhel8,也经历了从物理服务器到容器化的过程。精通linux系统集群架构，存储，自动化运维，安全与优化，云计算与容器。知识全面，教学负责，思路严谨。linux运维知识点繁杂，一直致力于让学员能够将知识点串联与体系化的教学实践中。'}
2021-03-19 08:55:42 [myspider.spiders.itcast] WARNING: {'name': '龙老师', 'title': '高级讲师', 'coment': '首席架构师、高级讲师、大米运维课堂创始人。曾于CBS、Opera、探探等知名企业担任首席架构师。4年开发经验，11年运维架构师经验，技术范畴涉及运维所有相关领域，设计维护过10000+服务器集群架构，讲课幽默诙谐。'}
2021-03-19 08:55:42 [myspider.spiders.itcast] WARNING: {'name': '张老师', 'title': '高级讲师', 'coment': '系统分析师，中国机器人CR教育培训标准委员会委员，先后任职于Nortel，CIeNET, 爱立信等知名企业。传智播客资深讲师，十年授课经验，善于使用生活中的例子讲解技术原理，对ROS（机器人操作系统）和自动驾驶有一定开发经验。'}
2021-03-19 08:55:42 [myspider.spiders.itcast] WARNING: {'name': '李老师', 'title': '高级讲师', 'coment': '传智播客资深讲师，近10年软件开发与IT教育经验，课堂轻松活跃，喜欢挖掘和启发学生潜在能力。横跨互联网产品、技术领域，熟悉嵌入式终端系统，对视觉识别处理及硬件传感器有一定开发经验。'}
2021-03-19 08:55:42 [myspider.spiders.itcast] WARNING: {'name': '肖老师', 'title': '高级讲师', 'coment': '高级软件工程师，曾就职于知名软件公司，擅长程序中Artificial Intelligence架构，以及有限状态机的设计。传智教育资深讲师，五年授课经验，人工智能以及物联网开发经验丰富。'}
2021-03-19 08:55:42 [myspider.spiders.itcast] WARNING: {'name': '唐老师', 'title': '高级讲师', 'coment': '软件架构师，曾从事华为系统应用的研发、联想定制软件的开发。获得两项国家发明专利。对交互系统及Linux有深入研究。对机器视觉、运动控制、路径导航等有独到的见解。授课严谨清晰，注重以实例驱动课程。\r\n'}
2021-03-19 08:55:42 [myspider.spiders.itcast] WARNING: {'name': '肖老师', 'title': '高级讲师', 'coment': '系统架构师，精通JAVA，JS，C/C++，Python，kotlin等编程语言，获得两项国家发明专利，对程序系统架构设计有一定见解。传智教育资深讲师，授课内容丰富，逻辑清晰，注重培养学生编码习惯，引导学生编码思维，提升学生的动手能力。'}
2021-03-19 08:55:42 [myspider.spiders.itcast] WARNING: {'name': '覃老师', 'title': '高级讲师', 'coment': '高级讲师，4年项目开发经验5年授课经验，精通java、android、c++ 、javaEE、微服务分布式架构。对ros、机器视觉、运动控制有独到见解。授课风趣幽默，\r\n注重培养编程思想。'}
2021-03-19 08:55:42 [myspider.spiders.itcast] WARNING: {'name': '张老师', 'title': '高级讲师', 'coment': '课程设计师，多年课程设计及教学教研经验，具有丰富的学生管理经验。深入研究学生心理发展特点，善于各类课程的设计及精通教材内容编排，擅长线下及线上课程统筹规划。曾参与少儿编程系列课程，传智微学堂在线课程项目。曾担任某知名教育机构课程教研组组长，负责教材研发编写及教学考试资料预测汇编。课程设计理念先进，因时因地因生制宜，深入浅出，注重整体性和易懂性。\r\n'}
2021-03-19 08:55:42 [myspider.spiders.itcast] WARNING: {'name': '梁老师', 'title': '商务经理', 'coment': '有很强的项目，策划、组织和督导能力。传智播客南研究院品牌活动、运营活动的外部合作方拓展的对接人。'}
2021-03-19 08:55:42 [myspider.spiders.itcast] WARNING: {'name': '吴老师', 'title': '高级讲师', 'coment': '高级讲师，多年研发与教学经验.曾任职于北京联想研究院. 精通python、c++、go、kotlin、java等多种编程语言.有丰富的大型软件项目经验,参与编写多套课程教材.熟悉硬件底层协议以及开发,串口通信，rs232，rs485，pwm方波以及机器人驱动开发。'}
2021-03-19 08:55:42 [myspider.spiders.itcast] WARNING: {'name': '谭老师', 'title': '高级讲师', 'coment': '国内知名互联网设计师，设计联盟专访设计师。13年互联网设计经验，对视觉设计、平面设计、界面设计、体验设计、交互设计、动画制作、影视后期等诸多方面有深入研究，曾任某大型互联网企业设计总监，服务过多家世界五百强企业包括腾讯、阿里巴巴、小米、IBM、路虎汽车、通用汽车、宝马中国、海尔集团、芒果TV等。\r\n授课风格幽默风趣，通俗易懂，深入浅出，深受学员喜爱。'}
2021-03-19 08:55:42 [myspider.spiders.itcast] WARNING: {'name': '杨老师', 'title': '高级讲师', 'coment': '拥有8年的设计经验，长期奋斗在北京电商服务设计岗位，曾为多家阿里巴巴商家做设计及运营培训，专注于天猫、淘宝、京东等第三方平台设计以及运营，精通PS/AI/ID/CDR/C4D等设计软件，风趣幽默的授课方式，对待学生认真负责，耐心引导条理清晰，深受学生的喜爱。'}
2021-03-19 08:55:42 [myspider.spiders.itcast] WARNING: {'name': '丛老师', 'title': '高级讲师', 'coment': '十五年的设计经验，涉及领域包括网站交互设计、品牌形象设计、广告设计以及工艺美术设计等，积攒了大量的设计实战、工艺规范、流程控管以及项目管理等经验。服务客户：腾讯、阿里巴巴、网易、新浪、宝马、爱普生、中信集团、华润集团、一方集团、同利集团、太和顾问、金鼠标数字营销、COVA等，执行及管理的项目多达数千项。擅长商业美术应用、建站交互分析、创意构思及表现。独具匠心的谐星式教育风格深受学生喜爱。\t\t\t\t\t'}
2021-03-19 08:55:42 [myspider.spiders.itcast] WARNING: {'name': '李老师', 'title': '高级讲师', 'coment': '13年互联网设计经验，资深UI设计师，拥有十多年互联网UI视觉设计及管理经验，擅长2B/2C领域，熟悉并精通互联网产品/设计工作和运营工作中的各个环节和流程。曾任职UC浏览器设计团队及畅游VC设计团队team leader，服务过盛大网络、阿里巴巴、中兴通信、搜狐等公司，活跃于游戏，通讯，互联网，传统IT行业， 精于交互，通达UI。丰富的专业辅导经验，擅长培养学员的创意思维及执行能力，调整学习状态及设计潜力开发。'}
2021-03-19 08:55:42 [myspider.spiders.itcast] WARNING: {'name': '邓老师', 'title': '高级讲师', 'coment': '拥有十多年设计经验，设计联盟推荐设计师，曾任国内知名设计公司首席设计师。坚持原创设计，注重用户体验，对设计有独特见解和多样设计风格。从事设计教育行业多年，注重学员设计思路的引导和培养学习能力。'}
2021-03-19 08:55:42 [myspider.spiders.itcast] WARNING: {'name': '王老师', 'title': '高级讲师', 'coment': '国内较早从事Web开发及艺术设计的一线技术人员。多年致力于艺术设计领域的研究与实践。精通W3C网页制作标准、绘画、艺术史、摄影等等，涉猎十分广泛。著有教材《Web标准网页制作实例教程》，国内有大量读者和粉丝。'}
2021-03-19 08:55:42 [myspider.spiders.itcast] WARNING: {'name': '杨老师', 'title': '高级讲师', 'coment': '13年互联网视觉设计经验。早期在各种建站公司担任网页设计师，负责各行业客户的网页、动画、代码，等设计；中期从事数字互动设计，带领团队拿下如华为、中兴、华润、TCL项目，期间团队作品荣获OneShow金铅笔奖;后期专注于智能硬件的APP设计。擅长电商、UI等视觉设计，对摄影颇有研究。网页设计师联盟专访设计师，小资风尚杂志专访摄影师，图虫网推荐摄影师，签约于各大图库。'}
2021-03-19 08:55:42 [myspider.spiders.itcast] WARNING: {'name': '曾老师', 'title': '高级讲师', 'coment': '从事设计行业七年，精通多种设计软件。曾在广告公司担任设计师及设计总监。服务企业有深圳海洋局、招商地产、香港珠宝、华润集团等。12年投身教育事业，深受广大学员爱戴。'}
2021-03-19 08:55:42 [myspider.spiders.itcast] WARNING: {'name': '赵老师', 'title': '高级讲师', 'coment': '拥有8年电商设计策划经验，对电商平台（京东、天猫、亚马逊、网易考拉、环球易购等平台）的设计特点和规范有丰富的理论知识和实践经验。承担过西安联想旗舰店、深圳品尚源科技国际站、帕布洛VIS品牌店、普乐美品牌店、中间会员店商城、合生集团、新京假期国际旅行等大型项目设计工作。'}
